[0.009s] Invoking command in '/home/huashu/co_605_arm/Hsc3DemoLinux/build/hsr_socket_driver': CMAKE_PREFIX_PATH=${CMAKE_PREFIX_PATH}:/opt/ros/humble /usr/bin/cmake --build /home/huashu/co_605_arm/Hsc3DemoLinux/build/hsr_socket_driver -- -j16 -l16
[0.053s] [ 10%] Built target hsr_hsc3_client
[0.059s] [ 20%] Built target keyboard_teleop_joint_node
[0.071s] [ 30%] Built target demo_training_jog_single_node
[0.071s] [ 40%] Built target demo_training_jog_node
[0.071s] [ 50%] Built target hsr_socket_driver_node
[0.076s] [ 60%] Built target demo_comm_api_training_node
[0.076s] [ 70%] Built target demo_cartesian_move_node
[0.077s] [ 80%] Built target demo_training_jog_home_node
[0.081s] [ 90%] Built target demo_sys_alarm_node
[0.082s] [100%] Built target demo_training_move_joint_node
[0.090s] Invoked command in '/home/huashu/co_605_arm/Hsc3DemoLinux/build/hsr_socket_driver' returned '0': CMAKE_PREFIX_PATH=${CMAKE_PREFIX_PATH}:/opt/ros/humble /usr/bin/cmake --build /home/huashu/co_605_arm/Hsc3DemoLinux/build/hsr_socket_driver -- -j16 -l16
[0.091s] Invoking command in '/home/huashu/co_605_arm/Hsc3DemoLinux/build/hsr_socket_driver': CMAKE_PREFIX_PATH=${CMAKE_PREFIX_PATH}:/opt/ros/humble /usr/bin/cmake --install /home/huashu/co_605_arm/Hsc3DemoLinux/build/hsr_socket_driver
[0.096s] -- Install configuration: ""
[0.096s] -- Up-to-date: /home/huashu/co_605_arm/Hsc3DemoLinux/install/hsr_socket_driver/lib/libCommApi.so
[0.096s] -- Up-to-date: /home/huashu/co_605_arm/Hsc3DemoLinux/install/hsr_socket_driver/lib/libHsc3Api.so
[0.096s] -- Up-to-date: /home/huashu/co_605_arm/Hsc3DemoLinux/install/hsr_socket_driver/lib/libLogApi.so
[0.096s] -- Up-to-date: /home/huashu/co_605_arm/Hsc3DemoLinux/install/hsr_socket_driver/lib/libhsr_hsc3_client.a
[0.096s] -- Up-to-date: /home/huashu/co_605_arm/Hsc3DemoLinux/install/hsr_socket_driver/lib/hsr_socket_driver/hsr_socket_driver_node
[0.096s] -- Up-to-date: /home/huashu/co_605_arm/Hsc3DemoLinux/install/hsr_socket_driver/lib/hsr_socket_driver/demo_comm_api_training_node
[0.096s] -- Up-to-date: /home/huashu/co_605_arm/Hsc3DemoLinux/install/hsr_socket_driver/lib/hsr_socket_driver/demo_training_jog_node
[0.096s] -- Up-to-date: /home/huashu/co_605_arm/Hsc3DemoLinux/install/hsr_socket_driver/lib/hsr_socket_driver/demo_training_jog_single_node
[0.096s] -- Up-to-date: /home/huashu/co_605_arm/Hsc3DemoLinux/install/hsr_socket_driver/lib/hsr_socket_driver/demo_training_jog_home_node
[0.097s] -- Up-to-date: /home/huashu/co_605_arm/Hsc3DemoLinux/install/hsr_socket_driver/lib/hsr_socket_driver/demo_training_move_joint_node
[0.097s] -- Up-to-date: /home/huashu/co_605_arm/Hsc3DemoLinux/install/hsr_socket_driver/lib/hsr_socket_driver/demo_cartesian_move_node
[0.097s] -- Up-to-date: /home/huashu/co_605_arm/Hsc3DemoLinux/install/hsr_socket_driver/lib/hsr_socket_driver/demo_sys_alarm_node
[0.097s] -- Up-to-date: /home/huashu/co_605_arm/Hsc3DemoLinux/install/hsr_socket_driver/lib/hsr_socket_driver/keyboard_teleop_joint_node
[0.097s] -- Up-to-date: /home/huashu/co_605_arm/Hsc3DemoLinux/install/hsr_socket_driver/include
[0.097s] -- Up-to-date: /home/huashu/co_605_arm/Hsc3DemoLinux/install/hsr_socket_driver/include/hsr_socket_driver
[0.097s] -- Up-to-date: /home/huashu/co_605_arm/Hsc3DemoLinux/install/hsr_socket_driver/include/hsr_socket_driver/hsc3_client.hpp
[0.097s] -- Up-to-date: /home/huashu/co_605_arm/Hsc3DemoLinux/install/hsr_socket_driver/share/hsr_socket_driver/launch
[0.097s] -- Up-to-date: /home/huashu/co_605_arm/Hsc3DemoLinux/install/hsr_socket_driver/share/hsr_socket_driver/launch/driver.launch.py
[0.097s] -- Up-to-date: /home/huashu/co_605_arm/Hsc3DemoLinux/install/hsr_socket_driver/share/hsr_socket_driver/launch/__pycache__
[0.097s] -- Up-to-date: /home/huashu/co_605_arm/Hsc3DemoLinux/install/hsr_socket_driver/share/hsr_socket_driver/launch/__pycache__/driver.launch.cpython-310.pyc
[0.097s] -- Up-to-date: /home/huashu/co_605_arm/Hsc3DemoLinux/install/hsr_socket_driver/share/hsr_socket_driver/config
[0.097s] -- Up-to-date: /home/huashu/co_605_arm/Hsc3DemoLinux/install/hsr_socket_driver/share/hsr_socket_driver/config/driver.yaml
[0.097s] -- Up-to-date: /home/huashu/co_605_arm/Hsc3DemoLinux/install/hsr_socket_driver/share/ament_index/resource_index/package_run_dependencies/hsr_socket_driver
[0.097s] -- Up-to-date: /home/huashu/co_605_arm/Hsc3DemoLinux/install/hsr_socket_driver/share/ament_index/resource_index/parent_prefix_path/hsr_socket_driver
[0.097s] -- Up-to-date: /home/huashu/co_605_arm/Hsc3DemoLinux/install/hsr_socket_driver/share/hsr_socket_driver/environment/ament_prefix_path.sh
[0.097s] -- Up-to-date: /home/huashu/co_605_arm/Hsc3DemoLinux/install/hsr_socket_driver/share/hsr_socket_driver/environment/ament_prefix_path.dsv
[0.097s] -- Up-to-date: /home/huashu/co_605_arm/Hsc3DemoLinux/install/hsr_socket_driver/share/hsr_socket_driver/environment/path.sh
[0.097s] -- Up-to-date: /home/huashu/co_605_arm/Hsc3DemoLinux/install/hsr_socket_driver/share/hsr_socket_driver/environment/path.dsv
[0.097s] -- Up-to-date: /home/huashu/co_605_arm/Hsc3DemoLinux/install/hsr_socket_driver/share/hsr_socket_driver/local_setup.bash
[0.098s] -- Up-to-date: /home/huashu/co_605_arm/Hsc3DemoLinux/install/hsr_socket_driver/share/hsr_socket_driver/local_setup.sh
[0.098s] -- Up-to-date: /home/huashu/co_605_arm/Hsc3DemoLinux/install/hsr_socket_driver/share/hsr_socket_driver/local_setup.zsh
[0.098s] -- Up-to-date: /home/huashu/co_605_arm/Hsc3DemoLinux/install/hsr_socket_driver/share/hsr_socket_driver/local_setup.dsv
[0.098s] -- Installing: /home/huashu/co_605_arm/Hsc3DemoLinux/install/hsr_socket_driver/share/hsr_socket_driver/package.dsv
[0.098s] -- Up-to-date: /home/huashu/co_605_arm/Hsc3DemoLinux/install/hsr_socket_driver/share/ament_index/resource_index/packages/hsr_socket_driver
[0.098s] -- Up-to-date: /home/huashu/co_605_arm/Hsc3DemoLinux/install/hsr_socket_driver/share/hsr_socket_driver/cmake/hsr_socket_driverConfig.cmake
[0.098s] -- Up-to-date: /home/huashu/co_605_arm/Hsc3DemoLinux/install/hsr_socket_driver/share/hsr_socket_driver/cmake/hsr_socket_driverConfig-version.cmake
[0.098s] -- Up-to-date: /home/huashu/co_605_arm/Hsc3DemoLinux/install/hsr_socket_driver/share/hsr_socket_driver/package.xml
[0.099s] Invoked command in '/home/huashu/co_605_arm/Hsc3DemoLinux/build/hsr_socket_driver' returned '0': CMAKE_PREFIX_PATH=${CMAKE_PREFIX_PATH}:/opt/ros/humble /usr/bin/cmake --install /home/huashu/co_605_arm/Hsc3DemoLinux/build/hsr_socket_driver
