[0.059s] DEBUG:colcon:Command line arguments: ['/usr/bin/colcon', 'build']
[0.059s] DEBUG:colcon:Parsed command line arguments: Namespace(log_base=None, log_level=None, verb_name='build', build_base='build', install_base='install', merge_install=False, symlink_install=False, test_result_base=None, continue_on_error=False, executor='parallel', parallel_workers=16, event_handlers=None, ignore_user_meta=False, metas=['./colcon.meta'], base_paths=['.'], packages_ignore=None, packages_ignore_regex=None, paths=None, packages_up_to=None, packages_up_to_regex=None, packages_above=None, packages_above_and_dependencies=None, packages_above_depth=None, packages_select_by_dep=None, packages_skip_by_dep=None, packages_skip_up_to=None, packages_select_build_failed=False, packages_skip_build_finished=False, packages_select_test_failures=False, packages_skip_test_passed=False, packages_select=None, packages_skip=None, packages_select_regex=None, packages_skip_regex=None, packages_start=None, packages_end=None, allow_overriding=[], cmake_args=None, cmake_target=None, cmake_target_skip_unavailable=False, cmake_clean_cache=False, cmake_clean_first=False, cmake_force_configure=False, ament_cmake_args=None, catkin_cmake_args=None, catkin_skip_building_tests=False, verb_parser=<colcon_defaults.argument_parser.defaults.DefaultArgumentsDecorator object at 0x71f2e322f5b0>, verb_extension=<colcon_core.verb.build.BuildVerb object at 0x71f2e3380a30>, main=<bound method BuildVerb.main of <colcon_core.verb.build.BuildVerb object at 0x71f2e3380a30>>)
[0.154s] Level 1:colcon.colcon_core.package_discovery:discover_packages(colcon_meta) check parameters
[0.154s] Level 1:colcon.colcon_core.package_discovery:discover_packages(recursive) check parameters
[0.154s] Level 1:colcon.colcon_core.package_discovery:discover_packages(ignore) check parameters
[0.154s] Level 1:colcon.colcon_core.package_discovery:discover_packages(path) check parameters
[0.154s] Level 1:colcon.colcon_core.package_discovery:discover_packages(colcon_meta) discover
[0.154s] Level 1:colcon.colcon_core.package_discovery:discover_packages(recursive) discover
[0.154s] INFO:colcon.colcon_core.package_discovery:Crawling recursively for packages in '/home/huashu/co_605_arm/Hsc3DemoLinux'
[0.154s] Level 1:colcon.colcon_core.package_identification:_identify(.) by extensions ['ignore', 'ignore_ament_install']
[0.154s] Level 1:colcon.colcon_core.package_identification:_identify(.) by extension 'ignore'
[0.154s] Level 1:colcon.colcon_core.package_identification:_identify(.) by extension 'ignore_ament_install'
[0.154s] Level 1:colcon.colcon_core.package_identification:_identify(.) by extensions ['colcon_pkg']
[0.154s] Level 1:colcon.colcon_core.package_identification:_identify(.) by extension 'colcon_pkg'
[0.154s] Level 1:colcon.colcon_core.package_identification:_identify(.) by extensions ['colcon_meta']
[0.154s] Level 1:colcon.colcon_core.package_identification:_identify(.) by extension 'colcon_meta'
[0.154s] Level 1:colcon.colcon_core.package_identification:_identify(.) by extensions ['ros']
[0.154s] Level 1:colcon.colcon_core.package_identification:_identify(.) by extension 'ros'
[0.162s] Level 1:colcon.colcon_core.package_identification:_identify(.) by extensions ['cmake', 'python']
[0.162s] Level 1:colcon.colcon_core.package_identification:_identify(.) by extension 'cmake'
[0.162s] Level 1:colcon.colcon_core.package_identification:_identify(.) by extension 'python'
[0.162s] Level 1:colcon.colcon_core.package_identification:_identify(.) by extensions ['python_setup_py']
[0.162s] Level 1:colcon.colcon_core.package_identification:_identify(.) by extension 'python_setup_py'
[0.162s] Level 1:colcon.colcon_core.package_identification:_identify(Hsc3Api) by extensions ['ignore', 'ignore_ament_install']
[0.162s] Level 1:colcon.colcon_core.package_identification:_identify(Hsc3Api) by extension 'ignore'
[0.162s] Level 1:colcon.colcon_core.package_identification:_identify(Hsc3Api) by extension 'ignore_ament_install'
[0.162s] Level 1:colcon.colcon_core.package_identification:_identify(Hsc3Api) by extensions ['colcon_pkg']
[0.162s] Level 1:colcon.colcon_core.package_identification:_identify(Hsc3Api) by extension 'colcon_pkg'
[0.162s] Level 1:colcon.colcon_core.package_identification:_identify(Hsc3Api) by extensions ['colcon_meta']
[0.162s] Level 1:colcon.colcon_core.package_identification:_identify(Hsc3Api) by extension 'colcon_meta'
[0.162s] Level 1:colcon.colcon_core.package_identification:_identify(Hsc3Api) by extensions ['ros']
[0.162s] Level 1:colcon.colcon_core.package_identification:_identify(Hsc3Api) by extension 'ros'
[0.162s] Level 1:colcon.colcon_core.package_identification:_identify(Hsc3Api) by extensions ['cmake', 'python']
[0.162s] Level 1:colcon.colcon_core.package_identification:_identify(Hsc3Api) by extension 'cmake'
[0.162s] Level 1:colcon.colcon_core.package_identification:_identify(Hsc3Api) by extension 'python'
[0.162s] Level 1:colcon.colcon_core.package_identification:_identify(Hsc3Api) by extensions ['python_setup_py']
[0.162s] Level 1:colcon.colcon_core.package_identification:_identify(Hsc3Api) by extension 'python_setup_py'
[0.162s] Level 1:colcon.colcon_core.package_identification:_identify(Hsc3Api/include) by extensions ['ignore', 'ignore_ament_install']
[0.162s] Level 1:colcon.colcon_core.package_identification:_identify(Hsc3Api/include) by extension 'ignore'
[0.162s] Level 1:colcon.colcon_core.package_identification:_identify(Hsc3Api/include) by extension 'ignore_ament_install'
[0.162s] Level 1:colcon.colcon_core.package_identification:_identify(Hsc3Api/include) by extensions ['colcon_pkg']
[0.162s] Level 1:colcon.colcon_core.package_identification:_identify(Hsc3Api/include) by extension 'colcon_pkg'
[0.162s] Level 1:colcon.colcon_core.package_identification:_identify(Hsc3Api/include) by extensions ['colcon_meta']
[0.162s] Level 1:colcon.colcon_core.package_identification:_identify(Hsc3Api/include) by extension 'colcon_meta'
[0.162s] Level 1:colcon.colcon_core.package_identification:_identify(Hsc3Api/include) by extensions ['ros']
[0.162s] Level 1:colcon.colcon_core.package_identification:_identify(Hsc3Api/include) by extension 'ros'
[0.162s] Level 1:colcon.colcon_core.package_identification:_identify(Hsc3Api/include) by extensions ['cmake', 'python']
[0.162s] Level 1:colcon.colcon_core.package_identification:_identify(Hsc3Api/include) by extension 'cmake'
[0.162s] Level 1:colcon.colcon_core.package_identification:_identify(Hsc3Api/include) by extension 'python'
[0.162s] Level 1:colcon.colcon_core.package_identification:_identify(Hsc3Api/include) by extensions ['python_setup_py']
[0.162s] Level 1:colcon.colcon_core.package_identification:_identify(Hsc3Api/include) by extension 'python_setup_py'
[0.163s] Level 1:colcon.colcon_core.package_identification:_identify(Hsc3Api/include/proxy) by extensions ['ignore', 'ignore_ament_install']
[0.163s] Level 1:colcon.colcon_core.package_identification:_identify(Hsc3Api/include/proxy) by extension 'ignore'
[0.163s] Level 1:colcon.colcon_core.package_identification:_identify(Hsc3Api/include/proxy) by extension 'ignore_ament_install'
[0.163s] Level 1:colcon.colcon_core.package_identification:_identify(Hsc3Api/include/proxy) by extensions ['colcon_pkg']
[0.163s] Level 1:colcon.colcon_core.package_identification:_identify(Hsc3Api/include/proxy) by extension 'colcon_pkg'
[0.163s] Level 1:colcon.colcon_core.package_identification:_identify(Hsc3Api/include/proxy) by extensions ['colcon_meta']
[0.163s] Level 1:colcon.colcon_core.package_identification:_identify(Hsc3Api/include/proxy) by extension 'colcon_meta'
[0.163s] Level 1:colcon.colcon_core.package_identification:_identify(Hsc3Api/include/proxy) by extensions ['ros']
[0.163s] Level 1:colcon.colcon_core.package_identification:_identify(Hsc3Api/include/proxy) by extension 'ros'
[0.163s] Level 1:colcon.colcon_core.package_identification:_identify(Hsc3Api/include/proxy) by extensions ['cmake', 'python']
[0.163s] Level 1:colcon.colcon_core.package_identification:_identify(Hsc3Api/include/proxy) by extension 'cmake'
[0.163s] Level 1:colcon.colcon_core.package_identification:_identify(Hsc3Api/include/proxy) by extension 'python'
[0.163s] Level 1:colcon.colcon_core.package_identification:_identify(Hsc3Api/include/proxy) by extensions ['python_setup_py']
[0.163s] Level 1:colcon.colcon_core.package_identification:_identify(Hsc3Api/include/proxy) by extension 'python_setup_py'
[0.163s] Level 1:colcon.colcon_core.package_identification:_identify(Hsc3Api/include/vision) by extensions ['ignore', 'ignore_ament_install']
[0.163s] Level 1:colcon.colcon_core.package_identification:_identify(Hsc3Api/include/vision) by extension 'ignore'
[0.163s] Level 1:colcon.colcon_core.package_identification:_identify(Hsc3Api/include/vision) by extension 'ignore_ament_install'
[0.163s] Level 1:colcon.colcon_core.package_identification:_identify(Hsc3Api/include/vision) by extensions ['colcon_pkg']
[0.163s] Level 1:colcon.colcon_core.package_identification:_identify(Hsc3Api/include/vision) by extension 'colcon_pkg'
[0.163s] Level 1:colcon.colcon_core.package_identification:_identify(Hsc3Api/include/vision) by extensions ['colcon_meta']
[0.163s] Level 1:colcon.colcon_core.package_identification:_identify(Hsc3Api/include/vision) by extension 'colcon_meta'
[0.163s] Level 1:colcon.colcon_core.package_identification:_identify(Hsc3Api/include/vision) by extensions ['ros']
[0.163s] Level 1:colcon.colcon_core.package_identification:_identify(Hsc3Api/include/vision) by extension 'ros'
[0.163s] Level 1:colcon.colcon_core.package_identification:_identify(Hsc3Api/include/vision) by extensions ['cmake', 'python']
[0.163s] Level 1:colcon.colcon_core.package_identification:_identify(Hsc3Api/include/vision) by extension 'cmake'
[0.163s] Level 1:colcon.colcon_core.package_identification:_identify(Hsc3Api/include/vision) by extension 'python'
[0.163s] Level 1:colcon.colcon_core.package_identification:_identify(Hsc3Api/include/vision) by extensions ['python_setup_py']
[0.163s] Level 1:colcon.colcon_core.package_identification:_identify(Hsc3Api/include/vision) by extension 'python_setup_py'
[0.163s] Level 1:colcon.colcon_core.package_identification:_identify(Hsc3Api/lib) by extensions ['ignore', 'ignore_ament_install']
[0.163s] Level 1:colcon.colcon_core.package_identification:_identify(Hsc3Api/lib) by extension 'ignore'
[0.163s] Level 1:colcon.colcon_core.package_identification:_identify(Hsc3Api/lib) by extension 'ignore_ament_install'
[0.163s] Level 1:colcon.colcon_core.package_identification:_identify(Hsc3Api/lib) by extensions ['colcon_pkg']
[0.163s] Level 1:colcon.colcon_core.package_identification:_identify(Hsc3Api/lib) by extension 'colcon_pkg'
[0.163s] Level 1:colcon.colcon_core.package_identification:_identify(Hsc3Api/lib) by extensions ['colcon_meta']
[0.163s] Level 1:colcon.colcon_core.package_identification:_identify(Hsc3Api/lib) by extension 'colcon_meta'
[0.163s] Level 1:colcon.colcon_core.package_identification:_identify(Hsc3Api/lib) by extensions ['ros']
[0.163s] Level 1:colcon.colcon_core.package_identification:_identify(Hsc3Api/lib) by extension 'ros'
[0.163s] Level 1:colcon.colcon_core.package_identification:_identify(Hsc3Api/lib) by extensions ['cmake', 'python']
[0.163s] Level 1:colcon.colcon_core.package_identification:_identify(Hsc3Api/lib) by extension 'cmake'
[0.163s] Level 1:colcon.colcon_core.package_identification:_identify(Hsc3Api/lib) by extension 'python'
[0.163s] Level 1:colcon.colcon_core.package_identification:_identify(Hsc3Api/lib) by extensions ['python_setup_py']
[0.163s] Level 1:colcon.colcon_core.package_identification:_identify(Hsc3Api/lib) by extension 'python_setup_py'
[0.164s] Level 1:colcon.colcon_core.package_identification:_identify(build) by extensions ['ignore', 'ignore_ament_install']
[0.164s] Level 1:colcon.colcon_core.package_identification:_identify(build) by extension 'ignore'
[0.164s] Level 1:colcon.colcon_core.package_identification:_identify(build) ignored
[0.164s] Level 1:colcon.colcon_core.package_identification:_identify(build_CommApi) by extensions ['ignore', 'ignore_ament_install']
[0.164s] Level 1:colcon.colcon_core.package_identification:_identify(build_CommApi) by extension 'ignore'
[0.164s] Level 1:colcon.colcon_core.package_identification:_identify(build_CommApi) by extension 'ignore_ament_install'
[0.164s] Level 1:colcon.colcon_core.package_identification:_identify(build_CommApi) by extensions ['colcon_pkg']
[0.164s] Level 1:colcon.colcon_core.package_identification:_identify(build_CommApi) by extension 'colcon_pkg'
[0.164s] Level 1:colcon.colcon_core.package_identification:_identify(build_CommApi) by extensions ['colcon_meta']
[0.164s] Level 1:colcon.colcon_core.package_identification:_identify(build_CommApi) by extension 'colcon_meta'
[0.164s] Level 1:colcon.colcon_core.package_identification:_identify(build_CommApi) by extensions ['ros']
[0.164s] Level 1:colcon.colcon_core.package_identification:_identify(build_CommApi) by extension 'ros'
[0.164s] Level 1:colcon.colcon_core.package_identification:_identify(build_CommApi) by extensions ['cmake', 'python']
[0.164s] Level 1:colcon.colcon_core.package_identification:_identify(build_CommApi) by extension 'cmake'
[0.164s] Level 1:colcon.colcon_core.package_identification:_identify(build_CommApi) by extension 'python'
[0.164s] Level 1:colcon.colcon_core.package_identification:_identify(build_CommApi) by extensions ['python_setup_py']
[0.164s] Level 1:colcon.colcon_core.package_identification:_identify(build_CommApi) by extension 'python_setup_py'
[0.164s] Level 1:colcon.colcon_core.package_identification:_identify(build_CommApi/log) by extensions ['ignore', 'ignore_ament_install']
[0.164s] Level 1:colcon.colcon_core.package_identification:_identify(build_CommApi/log) by extension 'ignore'
[0.164s] Level 1:colcon.colcon_core.package_identification:_identify(build_CommApi/log) by extension 'ignore_ament_install'
[0.164s] Level 1:colcon.colcon_core.package_identification:_identify(build_CommApi/log) by extensions ['colcon_pkg']
[0.164s] Level 1:colcon.colcon_core.package_identification:_identify(build_CommApi/log) by extension 'colcon_pkg'
[0.164s] Level 1:colcon.colcon_core.package_identification:_identify(build_CommApi/log) by extensions ['colcon_meta']
[0.164s] Level 1:colcon.colcon_core.package_identification:_identify(build_CommApi/log) by extension 'colcon_meta'
[0.164s] Level 1:colcon.colcon_core.package_identification:_identify(build_CommApi/log) by extensions ['ros']
[0.164s] Level 1:colcon.colcon_core.package_identification:_identify(build_CommApi/log) by extension 'ros'
[0.164s] Level 1:colcon.colcon_core.package_identification:_identify(build_CommApi/log) by extensions ['cmake', 'python']
[0.164s] Level 1:colcon.colcon_core.package_identification:_identify(build_CommApi/log) by extension 'cmake'
[0.164s] Level 1:colcon.colcon_core.package_identification:_identify(build_CommApi/log) by extension 'python'
[0.164s] Level 1:colcon.colcon_core.package_identification:_identify(build_CommApi/log) by extensions ['python_setup_py']
[0.164s] Level 1:colcon.colcon_core.package_identification:_identify(build_CommApi/log) by extension 'python_setup_py'
[0.164s] Level 1:colcon.colcon_core.package_identification:_identify(build_Motion) by extensions ['ignore', 'ignore_ament_install']
[0.164s] Level 1:colcon.colcon_core.package_identification:_identify(build_Motion) by extension 'ignore'
[0.164s] Level 1:colcon.colcon_core.package_identification:_identify(build_Motion) by extension 'ignore_ament_install'
[0.165s] Level 1:colcon.colcon_core.package_identification:_identify(build_Motion) by extensions ['colcon_pkg']
[0.165s] Level 1:colcon.colcon_core.package_identification:_identify(build_Motion) by extension 'colcon_pkg'
[0.165s] Level 1:colcon.colcon_core.package_identification:_identify(build_Motion) by extensions ['colcon_meta']
[0.165s] Level 1:colcon.colcon_core.package_identification:_identify(build_Motion) by extension 'colcon_meta'
[0.165s] Level 1:colcon.colcon_core.package_identification:_identify(build_Motion) by extensions ['ros']
[0.165s] Level 1:colcon.colcon_core.package_identification:_identify(build_Motion) by extension 'ros'
[0.165s] Level 1:colcon.colcon_core.package_identification:_identify(build_Motion) by extensions ['cmake', 'python']
[0.165s] Level 1:colcon.colcon_core.package_identification:_identify(build_Motion) by extension 'cmake'
[0.165s] Level 1:colcon.colcon_core.package_identification:_identify(build_Motion) by extension 'python'
[0.165s] Level 1:colcon.colcon_core.package_identification:_identify(build_Motion) by extensions ['python_setup_py']
[0.165s] Level 1:colcon.colcon_core.package_identification:_identify(build_Motion) by extension 'python_setup_py'
[0.165s] Level 1:colcon.colcon_core.package_identification:_identify(build_Motion/build) by extensions ['ignore', 'ignore_ament_install']
[0.165s] Level 1:colcon.colcon_core.package_identification:_identify(build_Motion/build) by extension 'ignore'
[0.165s] Level 1:colcon.colcon_core.package_identification:_identify(build_Motion/build) ignored
[0.165s] Level 1:colcon.colcon_core.package_identification:_identify(build_Motion/install) by extensions ['ignore', 'ignore_ament_install']
[0.165s] Level 1:colcon.colcon_core.package_identification:_identify(build_Motion/install) by extension 'ignore'
[0.165s] Level 1:colcon.colcon_core.package_identification:_identify(build_Motion/install) ignored
[0.165s] Level 1:colcon.colcon_core.package_identification:_identify(build_Motion/log) by extensions ['ignore', 'ignore_ament_install']
[0.165s] Level 1:colcon.colcon_core.package_identification:_identify(build_Motion/log) by extension 'ignore'
[0.165s] Level 1:colcon.colcon_core.package_identification:_identify(build_Motion/log) ignored
[0.165s] Level 1:colcon.colcon_core.package_identification:_identify(build_Move) by extensions ['ignore', 'ignore_ament_install']
[0.165s] Level 1:colcon.colcon_core.package_identification:_identify(build_Move) by extension 'ignore'
[0.165s] Level 1:colcon.colcon_core.package_identification:_identify(build_Move) by extension 'ignore_ament_install'
[0.165s] Level 1:colcon.colcon_core.package_identification:_identify(build_Move) by extensions ['colcon_pkg']
[0.165s] Level 1:colcon.colcon_core.package_identification:_identify(build_Move) by extension 'colcon_pkg'
[0.165s] Level 1:colcon.colcon_core.package_identification:_identify(build_Move) by extensions ['colcon_meta']
[0.165s] Level 1:colcon.colcon_core.package_identification:_identify(build_Move) by extension 'colcon_meta'
[0.165s] Level 1:colcon.colcon_core.package_identification:_identify(build_Move) by extensions ['ros']
[0.165s] Level 1:colcon.colcon_core.package_identification:_identify(build_Move) by extension 'ros'
[0.165s] Level 1:colcon.colcon_core.package_identification:_identify(build_Move) by extensions ['cmake', 'python']
[0.165s] Level 1:colcon.colcon_core.package_identification:_identify(build_Move) by extension 'cmake'
[0.165s] Level 1:colcon.colcon_core.package_identification:_identify(build_Move) by extension 'python'
[0.165s] Level 1:colcon.colcon_core.package_identification:_identify(build_Move) by extensions ['python_setup_py']
[0.165s] Level 1:colcon.colcon_core.package_identification:_identify(build_Move) by extension 'python_setup_py'
[0.165s] Level 1:colcon.colcon_core.package_identification:_identify(build_Sys) by extensions ['ignore', 'ignore_ament_install']
[0.165s] Level 1:colcon.colcon_core.package_identification:_identify(build_Sys) by extension 'ignore'
[0.165s] Level 1:colcon.colcon_core.package_identification:_identify(build_Sys) by extension 'ignore_ament_install'
[0.165s] Level 1:colcon.colcon_core.package_identification:_identify(build_Sys) by extensions ['colcon_pkg']
[0.165s] Level 1:colcon.colcon_core.package_identification:_identify(build_Sys) by extension 'colcon_pkg'
[0.166s] Level 1:colcon.colcon_core.package_identification:_identify(build_Sys) by extensions ['colcon_meta']
[0.166s] Level 1:colcon.colcon_core.package_identification:_identify(build_Sys) by extension 'colcon_meta'
[0.166s] Level 1:colcon.colcon_core.package_identification:_identify(build_Sys) by extensions ['ros']
[0.166s] Level 1:colcon.colcon_core.package_identification:_identify(build_Sys) by extension 'ros'
[0.166s] Level 1:colcon.colcon_core.package_identification:_identify(build_Sys) by extensions ['cmake', 'python']
[0.166s] Level 1:colcon.colcon_core.package_identification:_identify(build_Sys) by extension 'cmake'
[0.166s] Level 1:colcon.colcon_core.package_identification:_identify(build_Sys) by extension 'python'
[0.166s] Level 1:colcon.colcon_core.package_identification:_identify(build_Sys) by extensions ['python_setup_py']
[0.166s] Level 1:colcon.colcon_core.package_identification:_identify(build_Sys) by extension 'python_setup_py'
[0.166s] Level 1:colcon.colcon_core.package_identification:_identify(co602) by extensions ['ignore', 'ignore_ament_install']
[0.166s] Level 1:colcon.colcon_core.package_identification:_identify(co602) by extension 'ignore'
[0.166s] Level 1:colcon.colcon_core.package_identification:_identify(co602) by extension 'ignore_ament_install'
[0.166s] Level 1:colcon.colcon_core.package_identification:_identify(co602) by extensions ['colcon_pkg']
[0.166s] Level 1:colcon.colcon_core.package_identification:_identify(co602) by extension 'colcon_pkg'
[0.166s] Level 1:colcon.colcon_core.package_identification:_identify(co602) by extensions ['colcon_meta']
[0.166s] Level 1:colcon.colcon_core.package_identification:_identify(co602) by extension 'colcon_meta'
[0.166s] Level 1:colcon.colcon_core.package_identification:_identify(co602) by extensions ['ros']
[0.166s] Level 1:colcon.colcon_core.package_identification:_identify(co602) by extension 'ros'
[0.166s] Level 1:colcon.colcon_core.package_identification:_identify(co602) by extensions ['cmake', 'python']
[0.166s] Level 1:colcon.colcon_core.package_identification:_identify(co602) by extension 'cmake'
[0.166s] Level 1:colcon.colcon_core.package_identification:_identify(co602) by extension 'python'
[0.166s] Level 1:colcon.colcon_core.package_identification:_identify(co602) by extensions ['python_setup_py']
[0.166s] Level 1:colcon.colcon_core.package_identification:_identify(co602) by extension 'python_setup_py'
[0.166s] Level 1:colcon.colcon_core.package_identification:_identify(co602/co602_490) by extensions ['ignore', 'ignore_ament_install']
[0.166s] Level 1:colcon.colcon_core.package_identification:_identify(co602/co602_490) by extension 'ignore'
[0.166s] Level 1:colcon.colcon_core.package_identification:_identify(co602/co602_490) by extension 'ignore_ament_install'
[0.166s] Level 1:colcon.colcon_core.package_identification:_identify(co602/co602_490) by extensions ['colcon_pkg']
[0.166s] Level 1:colcon.colcon_core.package_identification:_identify(co602/co602_490) by extension 'colcon_pkg'
[0.166s] Level 1:colcon.colcon_core.package_identification:_identify(co602/co602_490) by extensions ['colcon_meta']
[0.166s] Level 1:colcon.colcon_core.package_identification:_identify(co602/co602_490) by extension 'colcon_meta'
[0.166s] Level 1:colcon.colcon_core.package_identification:_identify(co602/co602_490) by extensions ['ros']
[0.166s] Level 1:colcon.colcon_core.package_identification:_identify(co602/co602_490) by extension 'ros'
[0.166s] Level 1:colcon.colcon_core.package_identification:_identify(co602/co602_490) by extensions ['cmake', 'python']
[0.166s] Level 1:colcon.colcon_core.package_identification:_identify(co602/co602_490) by extension 'cmake'
[0.166s] Level 1:colcon.colcon_core.package_identification:_identify(co602/co602_490) by extension 'python'
[0.166s] Level 1:colcon.colcon_core.package_identification:_identify(co602/co602_490) by extensions ['python_setup_py']
[0.166s] Level 1:colcon.colcon_core.package_identification:_identify(co602/co602_490) by extension 'python_setup_py'
[0.166s] Level 1:colcon.colcon_core.package_identification:_identify(hsr_moveit_config) by extensions ['ignore', 'ignore_ament_install']
[0.166s] Level 1:colcon.colcon_core.package_identification:_identify(hsr_moveit_config) by extension 'ignore'
[0.166s] Level 1:colcon.colcon_core.package_identification:_identify(hsr_moveit_config) by extension 'ignore_ament_install'
[0.166s] Level 1:colcon.colcon_core.package_identification:_identify(hsr_moveit_config) by extensions ['colcon_pkg']
[0.166s] Level 1:colcon.colcon_core.package_identification:_identify(hsr_moveit_config) by extension 'colcon_pkg'
[0.166s] Level 1:colcon.colcon_core.package_identification:_identify(hsr_moveit_config) by extensions ['colcon_meta']
[0.167s] Level 1:colcon.colcon_core.package_identification:_identify(hsr_moveit_config) by extension 'colcon_meta'
[0.167s] Level 1:colcon.colcon_core.package_identification:_identify(hsr_moveit_config) by extensions ['ros']
[0.167s] Level 1:colcon.colcon_core.package_identification:_identify(hsr_moveit_config) by extension 'ros'
[0.168s] DEBUG:colcon.colcon_core.package_identification:Package 'hsr_moveit_config' with type 'ros.ament_cmake' and name 'hsr_moveit_config'
[0.168s] Level 1:colcon.colcon_core.package_identification:_identify(hsr_socket_driver) by extensions ['ignore', 'ignore_ament_install']
[0.168s] Level 1:colcon.colcon_core.package_identification:_identify(hsr_socket_driver) by extension 'ignore'
[0.168s] Level 1:colcon.colcon_core.package_identification:_identify(hsr_socket_driver) by extension 'ignore_ament_install'
[0.168s] Level 1:colcon.colcon_core.package_identification:_identify(hsr_socket_driver) by extensions ['colcon_pkg']
[0.168s] Level 1:colcon.colcon_core.package_identification:_identify(hsr_socket_driver) by extension 'colcon_pkg'
[0.168s] Level 1:colcon.colcon_core.package_identification:_identify(hsr_socket_driver) by extensions ['colcon_meta']
[0.168s] Level 1:colcon.colcon_core.package_identification:_identify(hsr_socket_driver) by extension 'colcon_meta'
[0.168s] Level 1:colcon.colcon_core.package_identification:_identify(hsr_socket_driver) by extensions ['ros']
[0.168s] Level 1:colcon.colcon_core.package_identification:_identify(hsr_socket_driver) by extension 'ros'
[0.169s] DEBUG:colcon.colcon_core.package_identification:Package 'hsr_socket_driver' with type 'ros.ament_cmake' and name 'hsr_socket_driver'
[0.169s] Level 1:colcon.colcon_core.package_identification:_identify(install) by extensions ['ignore', 'ignore_ament_install']
[0.169s] Level 1:colcon.colcon_core.package_identification:_identify(install) by extension 'ignore'
[0.169s] Level 1:colcon.colcon_core.package_identification:_identify(install) ignored
[0.169s] Level 1:colcon.colcon_core.package_identification:_identify(log) by extensions ['ignore', 'ignore_ament_install']
[0.169s] Level 1:colcon.colcon_core.package_identification:_identify(log) by extension 'ignore'
[0.169s] Level 1:colcon.colcon_core.package_identification:_identify(log) ignored
[0.169s] Level 1:colcon.colcon_core.package_discovery:discover_packages(recursive) using defaults
[0.169s] Level 1:colcon.colcon_core.package_discovery:discover_packages(ignore) discover
[0.169s] Level 1:colcon.colcon_core.package_discovery:discover_packages(ignore) using defaults
[0.169s] Level 1:colcon.colcon_core.package_discovery:discover_packages(path) discover
[0.169s] Level 1:colcon.colcon_core.package_discovery:discover_packages(path) using defaults
[0.183s] Level 1:colcon.colcon_core.package_discovery:discover_packages(prefix_path) check parameters
[0.183s] Level 1:colcon.colcon_core.package_discovery:discover_packages(prefix_path) discover
[0.184s] DEBUG:colcon.colcon_installed_package_information.package_discovery:Found 3 installed packages in /home/huashu/orbbec_ros2_ws/install
[0.185s] DEBUG:colcon.colcon_installed_package_information.package_discovery:Found 321 installed packages in /opt/ros/humble
[0.193s] Level 1:colcon.colcon_core.package_discovery:discover_packages(prefix_path) using defaults
[0.217s] Level 5:colcon.colcon_core.verb:set package 'hsr_moveit_config' build argument 'cmake_args' from command line to 'None'
[0.217s] Level 5:colcon.colcon_core.verb:set package 'hsr_moveit_config' build argument 'cmake_target' from command line to 'None'
[0.217s] Level 5:colcon.colcon_core.verb:set package 'hsr_moveit_config' build argument 'cmake_target_skip_unavailable' from command line to 'False'
[0.217s] Level 5:colcon.colcon_core.verb:set package 'hsr_moveit_config' build argument 'cmake_clean_cache' from command line to 'False'
[0.217s] Level 5:colcon.colcon_core.verb:set package 'hsr_moveit_config' build argument 'cmake_clean_first' from command line to 'False'
[0.217s] Level 5:colcon.colcon_core.verb:set package 'hsr_moveit_config' build argument 'cmake_force_configure' from command line to 'False'
[0.217s] Level 5:colcon.colcon_core.verb:set package 'hsr_moveit_config' build argument 'ament_cmake_args' from command line to 'None'
[0.217s] Level 5:colcon.colcon_core.verb:set package 'hsr_moveit_config' build argument 'catkin_cmake_args' from command line to 'None'
[0.217s] Level 5:colcon.colcon_core.verb:set package 'hsr_moveit_config' build argument 'catkin_skip_building_tests' from command line to 'False'
[0.217s] DEBUG:colcon.colcon_core.verb:Building package 'hsr_moveit_config' with the following arguments: {'ament_cmake_args': None, 'build_base': '/home/huashu/co_605_arm/Hsc3DemoLinux/build/hsr_moveit_config', 'catkin_cmake_args': None, 'catkin_skip_building_tests': False, 'cmake_args': None, 'cmake_clean_cache': False, 'cmake_clean_first': False, 'cmake_force_configure': False, 'cmake_target': None, 'cmake_target_skip_unavailable': False, 'install_base': '/home/huashu/co_605_arm/Hsc3DemoLinux/install/hsr_moveit_config', 'merge_install': False, 'path': '/home/huashu/co_605_arm/Hsc3DemoLinux/hsr_moveit_config', 'symlink_install': False, 'test_result_base': None}
[0.217s] Level 5:colcon.colcon_core.verb:set package 'hsr_socket_driver' build argument 'cmake_args' from command line to 'None'
[0.217s] Level 5:colcon.colcon_core.verb:set package 'hsr_socket_driver' build argument 'cmake_target' from command line to 'None'
[0.218s] Level 5:colcon.colcon_core.verb:set package 'hsr_socket_driver' build argument 'cmake_target_skip_unavailable' from command line to 'False'
[0.218s] Level 5:colcon.colcon_core.verb:set package 'hsr_socket_driver' build argument 'cmake_clean_cache' from command line to 'False'
[0.218s] Level 5:colcon.colcon_core.verb:set package 'hsr_socket_driver' build argument 'cmake_clean_first' from command line to 'False'
[0.218s] Level 5:colcon.colcon_core.verb:set package 'hsr_socket_driver' build argument 'cmake_force_configure' from command line to 'False'
[0.218s] Level 5:colcon.colcon_core.verb:set package 'hsr_socket_driver' build argument 'ament_cmake_args' from command line to 'None'
[0.218s] Level 5:colcon.colcon_core.verb:set package 'hsr_socket_driver' build argument 'catkin_cmake_args' from command line to 'None'
[0.218s] Level 5:colcon.colcon_core.verb:set package 'hsr_socket_driver' build argument 'catkin_skip_building_tests' from command line to 'False'
[0.218s] DEBUG:colcon.colcon_core.verb:Building package 'hsr_socket_driver' with the following arguments: {'ament_cmake_args': None, 'build_base': '/home/huashu/co_605_arm/Hsc3DemoLinux/build/hsr_socket_driver', 'catkin_cmake_args': None, 'catkin_skip_building_tests': False, 'cmake_args': None, 'cmake_clean_cache': False, 'cmake_clean_first': False, 'cmake_force_configure': False, 'cmake_target': None, 'cmake_target_skip_unavailable': False, 'install_base': '/home/huashu/co_605_arm/Hsc3DemoLinux/install/hsr_socket_driver', 'merge_install': False, 'path': '/home/huashu/co_605_arm/Hsc3DemoLinux/hsr_socket_driver', 'symlink_install': False, 'test_result_base': None}
[0.218s] INFO:colcon.colcon_core.executor:Executing jobs using 'parallel' executor
[0.219s] DEBUG:colcon.colcon_parallel_executor.executor.parallel:run_until_complete
[0.219s] INFO:colcon.colcon_ros.task.ament_cmake.build:Building ROS package in '/home/huashu/co_605_arm/Hsc3DemoLinux/hsr_moveit_config' with build type 'ament_cmake'
[0.219s] INFO:colcon.colcon_cmake.task.cmake.build:Building CMake package in '/home/huashu/co_605_arm/Hsc3DemoLinux/hsr_moveit_config'
[0.220s] INFO:colcon.colcon_core.plugin_system:Skipping extension 'colcon_core.shell.bat': Not used on non-Windows systems
[0.220s] INFO:colcon.colcon_core.shell:Skip shell extension 'powershell' for command environment: Not usable outside of PowerShell
[0.220s] DEBUG:colcon.colcon_core.shell:Skip shell extension 'dsv' for command environment
[0.223s] INFO:colcon.colcon_ros.task.ament_cmake.build:Building ROS package in '/home/huashu/co_605_arm/Hsc3DemoLinux/hsr_socket_driver' with build type 'ament_cmake'
[0.223s] INFO:colcon.colcon_cmake.task.cmake.build:Building CMake package in '/home/huashu/co_605_arm/Hsc3DemoLinux/hsr_socket_driver'
[0.223s] INFO:colcon.colcon_core.shell:Skip shell extension 'powershell' for command environment: Not usable outside of PowerShell
[0.223s] DEBUG:colcon.colcon_core.shell:Skip shell extension 'dsv' for command environment
[0.227s] DEBUG:colcon.colcon_core.event_handler.log_command:Invoking command in '/home/huashu/co_605_arm/Hsc3DemoLinux/build/hsr_moveit_config': CMAKE_PREFIX_PATH=${CMAKE_PREFIX_PATH}:/opt/ros/humble /usr/bin/cmake --build /home/huashu/co_605_arm/Hsc3DemoLinux/build/hsr_moveit_config -- -j16 -l16
[0.230s] DEBUG:colcon.colcon_core.event_handler.log_command:Invoking command in '/home/huashu/co_605_arm/Hsc3DemoLinux/build/hsr_socket_driver': CMAKE_PREFIX_PATH=${CMAKE_PREFIX_PATH}:/opt/ros/humble /usr/bin/cmake --build /home/huashu/co_605_arm/Hsc3DemoLinux/build/hsr_socket_driver -- -j16 -l16
[0.260s] DEBUG:colcon.colcon_core.event_handler.log_command:Invoked command in '/home/huashu/co_605_arm/Hsc3DemoLinux/build/hsr_moveit_config' returned '0': CMAKE_PREFIX_PATH=${CMAKE_PREFIX_PATH}:/opt/ros/humble /usr/bin/cmake --build /home/huashu/co_605_arm/Hsc3DemoLinux/build/hsr_moveit_config -- -j16 -l16
[0.269s] DEBUG:colcon.colcon_core.event_handler.log_command:Invoking command in '/home/huashu/co_605_arm/Hsc3DemoLinux/build/hsr_moveit_config': CMAKE_PREFIX_PATH=${CMAKE_PREFIX_PATH}:/opt/ros/humble /usr/bin/cmake --install /home/huashu/co_605_arm/Hsc3DemoLinux/build/hsr_moveit_config
[0.279s] Level 1:colcon.colcon_core.environment:create_environment_scripts_only(hsr_moveit_config)
[0.279s] DEBUG:colcon.colcon_core.event_handler.log_command:Invoked command in '/home/huashu/co_605_arm/Hsc3DemoLinux/build/hsr_moveit_config' returned '0': CMAKE_PREFIX_PATH=${CMAKE_PREFIX_PATH}:/opt/ros/humble /usr/bin/cmake --install /home/huashu/co_605_arm/Hsc3DemoLinux/build/hsr_moveit_config
[0.282s] Level 1:colcon.colcon_core.environment:checking '/home/huashu/co_605_arm/Hsc3DemoLinux/install/hsr_moveit_config' for CMake module files
[0.283s] Level 1:colcon.colcon_core.environment:checking '/home/huashu/co_605_arm/Hsc3DemoLinux/install/hsr_moveit_config' for CMake config files
[0.283s] Level 1:colcon.colcon_core.shell:create_environment_hook('hsr_moveit_config', 'cmake_prefix_path')
[0.283s] INFO:colcon.colcon_core.shell:Creating environment hook '/home/huashu/co_605_arm/Hsc3DemoLinux/install/hsr_moveit_config/share/hsr_moveit_config/hook/cmake_prefix_path.ps1'
[0.284s] INFO:colcon.colcon_core.shell:Creating environment descriptor '/home/huashu/co_605_arm/Hsc3DemoLinux/install/hsr_moveit_config/share/hsr_moveit_config/hook/cmake_prefix_path.dsv'
[0.284s] INFO:colcon.colcon_core.shell:Creating environment hook '/home/huashu/co_605_arm/Hsc3DemoLinux/install/hsr_moveit_config/share/hsr_moveit_config/hook/cmake_prefix_path.sh'
[0.285s] Level 1:colcon.colcon_core.environment:checking '/home/huashu/co_605_arm/Hsc3DemoLinux/install/hsr_moveit_config/bin'
[0.285s] Level 1:colcon.colcon_core.environment:checking '/home/huashu/co_605_arm/Hsc3DemoLinux/install/hsr_moveit_config/lib/pkgconfig/hsr_moveit_config.pc'
[0.286s] Level 1:colcon.colcon_core.environment:checking '/home/huashu/co_605_arm/Hsc3DemoLinux/install/hsr_moveit_config/lib/python3.10/site-packages'
[0.286s] Level 1:colcon.colcon_core.environment:checking '/home/huashu/co_605_arm/Hsc3DemoLinux/install/hsr_moveit_config/bin'
[0.286s] INFO:colcon.colcon_core.shell:Creating package script '/home/huashu/co_605_arm/Hsc3DemoLinux/install/hsr_moveit_config/share/hsr_moveit_config/package.ps1'
[0.287s] INFO:colcon.colcon_core.shell:Creating package descriptor '/home/huashu/co_605_arm/Hsc3DemoLinux/install/hsr_moveit_config/share/hsr_moveit_config/package.dsv'
[0.288s] INFO:colcon.colcon_core.shell:Creating package script '/home/huashu/co_605_arm/Hsc3DemoLinux/install/hsr_moveit_config/share/hsr_moveit_config/package.sh'
[0.289s] INFO:colcon.colcon_core.shell:Creating package script '/home/huashu/co_605_arm/Hsc3DemoLinux/install/hsr_moveit_config/share/hsr_moveit_config/package.bash'
[0.290s] INFO:colcon.colcon_core.shell:Creating package script '/home/huashu/co_605_arm/Hsc3DemoLinux/install/hsr_moveit_config/share/hsr_moveit_config/package.zsh'
[0.290s] Level 1:colcon.colcon_core.environment:create_file_with_runtime_dependencies(/home/huashu/co_605_arm/Hsc3DemoLinux/install/hsr_moveit_config/share/colcon-core/packages/hsr_moveit_config)
[0.291s] Level 1:colcon.colcon_core.environment:create_environment_scripts_only(hsr_moveit_config)
[0.291s] Level 1:colcon.colcon_core.environment:checking '/home/huashu/co_605_arm/Hsc3DemoLinux/install/hsr_moveit_config' for CMake module files
[0.292s] Level 1:colcon.colcon_core.environment:checking '/home/huashu/co_605_arm/Hsc3DemoLinux/install/hsr_moveit_config' for CMake config files
[0.292s] Level 1:colcon.colcon_core.shell:create_environment_hook('hsr_moveit_config', 'cmake_prefix_path')
[0.292s] INFO:colcon.colcon_core.shell:Creating environment hook '/home/huashu/co_605_arm/Hsc3DemoLinux/install/hsr_moveit_config/share/hsr_moveit_config/hook/cmake_prefix_path.ps1'
[0.292s] INFO:colcon.colcon_core.shell:Creating environment descriptor '/home/huashu/co_605_arm/Hsc3DemoLinux/install/hsr_moveit_config/share/hsr_moveit_config/hook/cmake_prefix_path.dsv'
[0.293s] INFO:colcon.colcon_core.shell:Creating environment hook '/home/huashu/co_605_arm/Hsc3DemoLinux/install/hsr_moveit_config/share/hsr_moveit_config/hook/cmake_prefix_path.sh'
[0.293s] Level 1:colcon.colcon_core.environment:checking '/home/huashu/co_605_arm/Hsc3DemoLinux/install/hsr_moveit_config/bin'
[0.293s] Level 1:colcon.colcon_core.environment:checking '/home/huashu/co_605_arm/Hsc3DemoLinux/install/hsr_moveit_config/lib/pkgconfig/hsr_moveit_config.pc'
[0.294s] Level 1:colcon.colcon_core.environment:checking '/home/huashu/co_605_arm/Hsc3DemoLinux/install/hsr_moveit_config/lib/python3.10/site-packages'
[0.294s] Level 1:colcon.colcon_core.environment:checking '/home/huashu/co_605_arm/Hsc3DemoLinux/install/hsr_moveit_config/bin'
[0.294s] INFO:colcon.colcon_core.shell:Creating package script '/home/huashu/co_605_arm/Hsc3DemoLinux/install/hsr_moveit_config/share/hsr_moveit_config/package.ps1'
[0.295s] INFO:colcon.colcon_core.shell:Creating package descriptor '/home/huashu/co_605_arm/Hsc3DemoLinux/install/hsr_moveit_config/share/hsr_moveit_config/package.dsv'
[0.295s] INFO:colcon.colcon_core.shell:Creating package script '/home/huashu/co_605_arm/Hsc3DemoLinux/install/hsr_moveit_config/share/hsr_moveit_config/package.sh'
[0.295s] INFO:colcon.colcon_core.shell:Creating package script '/home/huashu/co_605_arm/Hsc3DemoLinux/install/hsr_moveit_config/share/hsr_moveit_config/package.bash'
[0.295s] INFO:colcon.colcon_core.shell:Creating package script '/home/huashu/co_605_arm/Hsc3DemoLinux/install/hsr_moveit_config/share/hsr_moveit_config/package.zsh'
[0.296s] Level 1:colcon.colcon_core.environment:create_file_with_runtime_dependencies(/home/huashu/co_605_arm/Hsc3DemoLinux/install/hsr_moveit_config/share/colcon-core/packages/hsr_moveit_config)
[0.315s] DEBUG:colcon.colcon_core.event_handler.log_command:Invoked command in '/home/huashu/co_605_arm/Hsc3DemoLinux/build/hsr_socket_driver' returned '0': CMAKE_PREFIX_PATH=${CMAKE_PREFIX_PATH}:/opt/ros/humble /usr/bin/cmake --build /home/huashu/co_605_arm/Hsc3DemoLinux/build/hsr_socket_driver -- -j16 -l16
[0.316s] DEBUG:colcon.colcon_core.event_handler.log_command:Invoking command in '/home/huashu/co_605_arm/Hsc3DemoLinux/build/hsr_socket_driver': CMAKE_PREFIX_PATH=${CMAKE_PREFIX_PATH}:/opt/ros/humble /usr/bin/cmake --install /home/huashu/co_605_arm/Hsc3DemoLinux/build/hsr_socket_driver
[0.331s] Level 1:colcon.colcon_core.environment:create_environment_scripts_only(hsr_socket_driver)
[0.331s] Level 1:colcon.colcon_core.environment:checking '/home/huashu/co_605_arm/Hsc3DemoLinux/install/hsr_socket_driver' for CMake module files
[0.332s] DEBUG:colcon.colcon_core.event_handler.log_command:Invoked command in '/home/huashu/co_605_arm/Hsc3DemoLinux/build/hsr_socket_driver' returned '0': CMAKE_PREFIX_PATH=${CMAKE_PREFIX_PATH}:/opt/ros/humble /usr/bin/cmake --install /home/huashu/co_605_arm/Hsc3DemoLinux/build/hsr_socket_driver
[0.332s] Level 1:colcon.colcon_core.environment:checking '/home/huashu/co_605_arm/Hsc3DemoLinux/install/hsr_socket_driver' for CMake config files
[0.332s] Level 1:colcon.colcon_core.shell:create_environment_hook('hsr_socket_driver', 'cmake_prefix_path')
[0.332s] INFO:colcon.colcon_core.shell:Creating environment hook '/home/huashu/co_605_arm/Hsc3DemoLinux/install/hsr_socket_driver/share/hsr_socket_driver/hook/cmake_prefix_path.ps1'
[0.333s] INFO:colcon.colcon_core.shell:Creating environment descriptor '/home/huashu/co_605_arm/Hsc3DemoLinux/install/hsr_socket_driver/share/hsr_socket_driver/hook/cmake_prefix_path.dsv'
[0.333s] INFO:colcon.colcon_core.shell:Creating environment hook '/home/huashu/co_605_arm/Hsc3DemoLinux/install/hsr_socket_driver/share/hsr_socket_driver/hook/cmake_prefix_path.sh'
[0.333s] Level 1:colcon.colcon_core.environment:checking '/home/huashu/co_605_arm/Hsc3DemoLinux/install/hsr_socket_driver/lib'
[0.334s] Level 1:colcon.colcon_core.shell:create_environment_hook('hsr_socket_driver', 'ld_library_path_lib')
[0.334s] INFO:colcon.colcon_core.shell:Creating environment hook '/home/huashu/co_605_arm/Hsc3DemoLinux/install/hsr_socket_driver/share/hsr_socket_driver/hook/ld_library_path_lib.ps1'
[0.334s] INFO:colcon.colcon_core.shell:Creating environment descriptor '/home/huashu/co_605_arm/Hsc3DemoLinux/install/hsr_socket_driver/share/hsr_socket_driver/hook/ld_library_path_lib.dsv'
[0.334s] INFO:colcon.colcon_core.shell:Creating environment hook '/home/huashu/co_605_arm/Hsc3DemoLinux/install/hsr_socket_driver/share/hsr_socket_driver/hook/ld_library_path_lib.sh'
[0.335s] Level 1:colcon.colcon_core.environment:checking '/home/huashu/co_605_arm/Hsc3DemoLinux/install/hsr_socket_driver/bin'
[0.335s] Level 1:colcon.colcon_core.environment:checking '/home/huashu/co_605_arm/Hsc3DemoLinux/install/hsr_socket_driver/lib/pkgconfig/hsr_socket_driver.pc'
[0.335s] Level 1:colcon.colcon_core.environment:checking '/home/huashu/co_605_arm/Hsc3DemoLinux/install/hsr_socket_driver/lib/python3.10/site-packages'
[0.335s] Level 1:colcon.colcon_core.environment:checking '/home/huashu/co_605_arm/Hsc3DemoLinux/install/hsr_socket_driver/bin'
[0.335s] INFO:colcon.colcon_core.shell:Creating package script '/home/huashu/co_605_arm/Hsc3DemoLinux/install/hsr_socket_driver/share/hsr_socket_driver/package.ps1'
[0.336s] INFO:colcon.colcon_core.shell:Creating package descriptor '/home/huashu/co_605_arm/Hsc3DemoLinux/install/hsr_socket_driver/share/hsr_socket_driver/package.dsv'
[0.336s] INFO:colcon.colcon_core.shell:Creating package script '/home/huashu/co_605_arm/Hsc3DemoLinux/install/hsr_socket_driver/share/hsr_socket_driver/package.sh'
[0.336s] INFO:colcon.colcon_core.shell:Creating package script '/home/huashu/co_605_arm/Hsc3DemoLinux/install/hsr_socket_driver/share/hsr_socket_driver/package.bash'
[0.336s] INFO:colcon.colcon_core.shell:Creating package script '/home/huashu/co_605_arm/Hsc3DemoLinux/install/hsr_socket_driver/share/hsr_socket_driver/package.zsh'
[0.337s] Level 1:colcon.colcon_core.environment:create_file_with_runtime_dependencies(/home/huashu/co_605_arm/Hsc3DemoLinux/install/hsr_socket_driver/share/colcon-core/packages/hsr_socket_driver)
[0.337s] Level 1:colcon.colcon_core.environment:create_environment_scripts_only(hsr_socket_driver)
[0.337s] Level 1:colcon.colcon_core.environment:checking '/home/huashu/co_605_arm/Hsc3DemoLinux/install/hsr_socket_driver' for CMake module files
[0.337s] Level 1:colcon.colcon_core.environment:checking '/home/huashu/co_605_arm/Hsc3DemoLinux/install/hsr_socket_driver' for CMake config files
[0.338s] Level 1:colcon.colcon_core.shell:create_environment_hook('hsr_socket_driver', 'cmake_prefix_path')
[0.338s] INFO:colcon.colcon_core.shell:Creating environment hook '/home/huashu/co_605_arm/Hsc3DemoLinux/install/hsr_socket_driver/share/hsr_socket_driver/hook/cmake_prefix_path.ps1'
[0.338s] INFO:colcon.colcon_core.shell:Creating environment descriptor '/home/huashu/co_605_arm/Hsc3DemoLinux/install/hsr_socket_driver/share/hsr_socket_driver/hook/cmake_prefix_path.dsv'
[0.338s] INFO:colcon.colcon_core.shell:Creating environment hook '/home/huashu/co_605_arm/Hsc3DemoLinux/install/hsr_socket_driver/share/hsr_socket_driver/hook/cmake_prefix_path.sh'
[0.339s] Level 1:colcon.colcon_core.environment:checking '/home/huashu/co_605_arm/Hsc3DemoLinux/install/hsr_socket_driver/lib'
[0.339s] Level 1:colcon.colcon_core.shell:create_environment_hook('hsr_socket_driver', 'ld_library_path_lib')
[0.339s] INFO:colcon.colcon_core.shell:Creating environment hook '/home/huashu/co_605_arm/Hsc3DemoLinux/install/hsr_socket_driver/share/hsr_socket_driver/hook/ld_library_path_lib.ps1'
[0.339s] INFO:colcon.colcon_core.shell:Creating environment descriptor '/home/huashu/co_605_arm/Hsc3DemoLinux/install/hsr_socket_driver/share/hsr_socket_driver/hook/ld_library_path_lib.dsv'
[0.339s] INFO:colcon.colcon_core.shell:Creating environment hook '/home/huashu/co_605_arm/Hsc3DemoLinux/install/hsr_socket_driver/share/hsr_socket_driver/hook/ld_library_path_lib.sh'
[0.339s] Level 1:colcon.colcon_core.environment:checking '/home/huashu/co_605_arm/Hsc3DemoLinux/install/hsr_socket_driver/bin'
[0.339s] Level 1:colcon.colcon_core.environment:checking '/home/huashu/co_605_arm/Hsc3DemoLinux/install/hsr_socket_driver/lib/pkgconfig/hsr_socket_driver.pc'
[0.340s] Level 1:colcon.colcon_core.environment:checking '/home/huashu/co_605_arm/Hsc3DemoLinux/install/hsr_socket_driver/lib/python3.10/site-packages'
[0.340s] Level 1:colcon.colcon_core.environment:checking '/home/huashu/co_605_arm/Hsc3DemoLinux/install/hsr_socket_driver/bin'
[0.340s] INFO:colcon.colcon_core.shell:Creating package script '/home/huashu/co_605_arm/Hsc3DemoLinux/install/hsr_socket_driver/share/hsr_socket_driver/package.ps1'
[0.341s] INFO:colcon.colcon_core.shell:Creating package descriptor '/home/huashu/co_605_arm/Hsc3DemoLinux/install/hsr_socket_driver/share/hsr_socket_driver/package.dsv'
[0.341s] INFO:colcon.colcon_core.shell:Creating package script '/home/huashu/co_605_arm/Hsc3DemoLinux/install/hsr_socket_driver/share/hsr_socket_driver/package.sh'
[0.341s] INFO:colcon.colcon_core.shell:Creating package script '/home/huashu/co_605_arm/Hsc3DemoLinux/install/hsr_socket_driver/share/hsr_socket_driver/package.bash'
[0.341s] INFO:colcon.colcon_core.shell:Creating package script '/home/huashu/co_605_arm/Hsc3DemoLinux/install/hsr_socket_driver/share/hsr_socket_driver/package.zsh'
[0.342s] Level 1:colcon.colcon_core.environment:create_file_with_runtime_dependencies(/home/huashu/co_605_arm/Hsc3DemoLinux/install/hsr_socket_driver/share/colcon-core/packages/hsr_socket_driver)
[0.342s] DEBUG:colcon.colcon_parallel_executor.executor.parallel:closing loop
[0.342s] DEBUG:colcon.colcon_parallel_executor.executor.parallel:loop closed
[0.342s] DEBUG:colcon.colcon_parallel_executor.executor.parallel:run_until_complete finished with '0'
[0.342s] DEBUG:colcon.colcon_core.event_reactor:joining thread
[0.348s] INFO:colcon.colcon_core.plugin_system:Skipping extension 'colcon_notification.desktop_notification.terminal_notifier': Not used on non-Darwin systems
[0.348s] INFO:colcon.colcon_core.plugin_system:Skipping extension 'colcon_notification.desktop_notification.win32': Not used on non-Windows systems
[0.348s] INFO:colcon.colcon_notification.desktop_notification:Sending desktop notification using 'notify2'
[0.359s] DEBUG:colcon.colcon_core.event_reactor:joined thread
[0.359s] INFO:colcon.colcon_core.shell:Creating prefix script '/home/huashu/co_605_arm/Hsc3DemoLinux/install/local_setup.ps1'
[0.360s] INFO:colcon.colcon_core.shell:Creating prefix util module '/home/huashu/co_605_arm/Hsc3DemoLinux/install/_local_setup_util_ps1.py'
[0.361s] INFO:colcon.colcon_core.shell:Creating prefix chain script '/home/huashu/co_605_arm/Hsc3DemoLinux/install/setup.ps1'
[0.362s] INFO:colcon.colcon_core.shell:Creating prefix script '/home/huashu/co_605_arm/Hsc3DemoLinux/install/local_setup.sh'
[0.362s] INFO:colcon.colcon_core.shell:Creating prefix util module '/home/huashu/co_605_arm/Hsc3DemoLinux/install/_local_setup_util_sh.py'
[0.362s] INFO:colcon.colcon_core.shell:Creating prefix chain script '/home/huashu/co_605_arm/Hsc3DemoLinux/install/setup.sh'
[0.363s] INFO:colcon.colcon_core.shell:Creating prefix script '/home/huashu/co_605_arm/Hsc3DemoLinux/install/local_setup.bash'
[0.364s] INFO:colcon.colcon_core.shell:Creating prefix chain script '/home/huashu/co_605_arm/Hsc3DemoLinux/install/setup.bash'
[0.364s] INFO:colcon.colcon_core.shell:Creating prefix script '/home/huashu/co_605_arm/Hsc3DemoLinux/install/local_setup.zsh'
[0.365s] INFO:colcon.colcon_core.shell:Creating prefix chain script '/home/huashu/co_605_arm/Hsc3DemoLinux/install/setup.zsh'
