[0.008s] Invoking command in '/home/huashu/co_605_arm/Hsc3DemoLinux/build/hsr_moveit_config': CMAKE_PREFIX_PATH=${CMAKE_PREFIX_PATH}:/opt/ros/humble /usr/bin/cmake --build /home/huashu/co_605_arm/Hsc3DemoLinux/build/hsr_moveit_config -- -j16 -l16
[0.041s] Invoked command in '/home/huashu/co_605_arm/Hsc3DemoLinux/build/hsr_moveit_config' returned '0': CMAKE_PREFIX_PATH=${CMAKE_PREFIX_PATH}:/opt/ros/humble /usr/bin/cmake --build /home/huashu/co_605_arm/Hsc3DemoLinux/build/hsr_moveit_config -- -j16 -l16
[0.050s] Invoking command in '/home/huashu/co_605_arm/Hsc3DemoLinux/build/hsr_moveit_config': CMAKE_PREFIX_PATH=${CMAKE_PREFIX_PATH}:/opt/ros/humble /usr/bin/cmake --install /home/huashu/co_605_arm/Hsc3DemoLinux/build/hsr_moveit_config
[0.057s] -- Install configuration: ""
[0.057s] -- Up-to-date: /home/huashu/co_605_arm/Hsc3DemoLinux/install/hsr_moveit_config/share/hsr_moveit_config/config
[0.057s] -- Up-to-date: /home/huashu/co_605_arm/Hsc3DemoLinux/install/hsr_moveit_config/share/hsr_moveit_config/config/hsr_arm.srdf
[0.057s] -- Up-to-date: /home/huashu/co_605_arm/Hsc3DemoLinux/install/hsr_moveit_config/share/hsr_moveit_config/config/moveit_controllers.yaml
[0.057s] -- Up-to-date: /home/huashu/co_605_arm/Hsc3DemoLinux/install/hsr_moveit_config/share/hsr_moveit_config/config/ompl_planning.yaml
[0.057s] -- Up-to-date: /home/huashu/co_605_arm/Hsc3DemoLinux/install/hsr_moveit_config/share/hsr_moveit_config/config/kinematics.yaml
[0.058s] -- Up-to-date: /home/huashu/co_605_arm/Hsc3DemoLinux/install/hsr_moveit_config/share/hsr_moveit_config/config/joint_limits.yaml
[0.058s] -- Up-to-date: /home/huashu/co_605_arm/Hsc3DemoLinux/install/hsr_moveit_config/share/hsr_moveit_config/launch
[0.058s] -- Up-to-date: /home/huashu/co_605_arm/Hsc3DemoLinux/install/hsr_moveit_config/share/hsr_moveit_config/launch/rviz_control_real.launch.py
[0.058s] -- Up-to-date: /home/huashu/co_605_arm/Hsc3DemoLinux/install/hsr_moveit_config/share/hsr_moveit_config/rviz
[0.058s] -- Up-to-date: /home/huashu/co_605_arm/Hsc3DemoLinux/install/hsr_moveit_config/share/hsr_moveit_config/rviz/moveit.rviz
[0.058s] -- Up-to-date: /home/huashu/co_605_arm/Hsc3DemoLinux/install/hsr_moveit_config/share/ament_index/resource_index/package_run_dependencies/hsr_moveit_config
[0.058s] -- Up-to-date: /home/huashu/co_605_arm/Hsc3DemoLinux/install/hsr_moveit_config/share/ament_index/resource_index/parent_prefix_path/hsr_moveit_config
[0.058s] -- Up-to-date: /home/huashu/co_605_arm/Hsc3DemoLinux/install/hsr_moveit_config/share/hsr_moveit_config/environment/ament_prefix_path.sh
[0.058s] -- Up-to-date: /home/huashu/co_605_arm/Hsc3DemoLinux/install/hsr_moveit_config/share/hsr_moveit_config/environment/ament_prefix_path.dsv
[0.058s] -- Up-to-date: /home/huashu/co_605_arm/Hsc3DemoLinux/install/hsr_moveit_config/share/hsr_moveit_config/environment/path.sh
[0.058s] -- Up-to-date: /home/huashu/co_605_arm/Hsc3DemoLinux/install/hsr_moveit_config/share/hsr_moveit_config/environment/path.dsv
[0.058s] -- Up-to-date: /home/huashu/co_605_arm/Hsc3DemoLinux/install/hsr_moveit_config/share/hsr_moveit_config/local_setup.bash
[0.058s] -- Up-to-date: /home/huashu/co_605_arm/Hsc3DemoLinux/install/hsr_moveit_config/share/hsr_moveit_config/local_setup.sh
[0.058s] -- Up-to-date: /home/huashu/co_605_arm/Hsc3DemoLinux/install/hsr_moveit_config/share/hsr_moveit_config/local_setup.zsh
[0.058s] -- Up-to-date: /home/huashu/co_605_arm/Hsc3DemoLinux/install/hsr_moveit_config/share/hsr_moveit_config/local_setup.dsv
[0.058s] -- Up-to-date: /home/huashu/co_605_arm/Hsc3DemoLinux/install/hsr_moveit_config/share/hsr_moveit_config/package.dsv
[0.058s] -- Up-to-date: /home/huashu/co_605_arm/Hsc3DemoLinux/install/hsr_moveit_config/share/ament_index/resource_index/packages/hsr_moveit_config
[0.059s] -- Up-to-date: /home/huashu/co_605_arm/Hsc3DemoLinux/install/hsr_moveit_config/share/hsr_moveit_config/cmake/hsr_moveit_configConfig.cmake
[0.059s] -- Up-to-date: /home/huashu/co_605_arm/Hsc3DemoLinux/install/hsr_moveit_config/share/hsr_moveit_config/cmake/hsr_moveit_configConfig-version.cmake
[0.059s] -- Up-to-date: /home/huashu/co_605_arm/Hsc3DemoLinux/install/hsr_moveit_config/share/hsr_moveit_config/package.xml
[0.060s] Invoked command in '/home/huashu/co_605_arm/Hsc3DemoLinux/build/hsr_moveit_config' returned '0': CMAKE_PREFIX_PATH=${CMAKE_PREFIX_PATH}:/opt/ros/humble /usr/bin/cmake --install /home/huashu/co_605_arm/Hsc3DemoLinux/build/hsr_moveit_config
