[35m[1mConsolidate compiler generated dependencies of target hsr_hsc3_client[0m
[35m[1mConsolidate compiler generated dependencies of target keyboard_teleop_joint_node[0m
[ 10%] Built target hsr_hsc3_client
[ 20%] Built target keyboard_teleop_joint_node
[35m[1mConsolidate compiler generated dependencies of target demo_training_move_joint_node[0m
[35m[1mConsolidate compiler generated dependencies of target demo_training_jog_single_node[0m
[35m[1mConsolidate compiler generated dependencies of target demo_training_jog_node[0m
[35m[1mConsolidate compiler generated dependencies of target demo_training_jog_home_node[0m
[35m[1mConsolidate compiler generated dependencies of target demo_sys_alarm_node[0m
[35m[1mConsolidate compiler generated dependencies of target demo_comm_api_training_node[0m
[35m[1mConsolidate compiler generated dependencies of target hsr_socket_driver_node[0m
[35m[1mConsolidate compiler generated dependencies of target demo_cartesian_move_node[0m
[ 30%] Built target demo_training_jog_single_node
[ 45%] Built target demo_training_move_joint_node
[ 50%] Built target demo_training_jog_home_node
[ 60%] Built target hsr_socket_driver_node
[ 90%] Built target demo_sys_alarm_node
[ 90%] Built target demo_comm_api_training_node
[ 90%] Built target demo_training_jog_node
[100%] Built target demo_cartesian_move_node
-- Install configuration: ""
-- Up-to-date: /home/huashu/co_605_arm/Hsc3DemoLinux/install/hsr_socket_driver/lib/libCommApi.so
-- Up-to-date: /home/huashu/co_605_arm/Hsc3DemoLinux/install/hsr_socket_driver/lib/libHsc3Api.so
-- Up-to-date: /home/huashu/co_605_arm/Hsc3DemoLinux/install/hsr_socket_driver/lib/libLogApi.so
-- Up-to-date: /home/huashu/co_605_arm/Hsc3DemoLinux/install/hsr_socket_driver/lib/libhsr_hsc3_client.a
-- Up-to-date: /home/huashu/co_605_arm/Hsc3DemoLinux/install/hsr_socket_driver/lib/hsr_socket_driver/hsr_socket_driver_node
-- Up-to-date: /home/huashu/co_605_arm/Hsc3DemoLinux/install/hsr_socket_driver/lib/hsr_socket_driver/demo_comm_api_training_node
-- Up-to-date: /home/huashu/co_605_arm/Hsc3DemoLinux/install/hsr_socket_driver/lib/hsr_socket_driver/demo_training_jog_node
-- Up-to-date: /home/huashu/co_605_arm/Hsc3DemoLinux/install/hsr_socket_driver/lib/hsr_socket_driver/demo_training_jog_single_node
-- Up-to-date: /home/huashu/co_605_arm/Hsc3DemoLinux/install/hsr_socket_driver/lib/hsr_socket_driver/demo_training_jog_home_node
-- Up-to-date: /home/huashu/co_605_arm/Hsc3DemoLinux/install/hsr_socket_driver/lib/hsr_socket_driver/demo_training_move_joint_node
-- Up-to-date: /home/huashu/co_605_arm/Hsc3DemoLinux/install/hsr_socket_driver/lib/hsr_socket_driver/demo_cartesian_move_node
-- Up-to-date: /home/huashu/co_605_arm/Hsc3DemoLinux/install/hsr_socket_driver/lib/hsr_socket_driver/demo_sys_alarm_node
-- Up-to-date: /home/huashu/co_605_arm/Hsc3DemoLinux/install/hsr_socket_driver/lib/hsr_socket_driver/keyboard_teleop_joint_node
-- Up-to-date: /home/huashu/co_605_arm/Hsc3DemoLinux/install/hsr_socket_driver/include
-- Up-to-date: /home/huashu/co_605_arm/Hsc3DemoLinux/install/hsr_socket_driver/include/hsr_socket_driver
-- Up-to-date: /home/huashu/co_605_arm/Hsc3DemoLinux/install/hsr_socket_driver/include/hsr_socket_driver/hsc3_client.hpp
-- Up-to-date: /home/huashu/co_605_arm/Hsc3DemoLinux/install/hsr_socket_driver/share/hsr_socket_driver/launch
-- Up-to-date: /home/huashu/co_605_arm/Hsc3DemoLinux/install/hsr_socket_driver/share/hsr_socket_driver/launch/driver.launch.py
-- Up-to-date: /home/huashu/co_605_arm/Hsc3DemoLinux/install/hsr_socket_driver/share/hsr_socket_driver/launch/__pycache__
-- Up-to-date: /home/huashu/co_605_arm/Hsc3DemoLinux/install/hsr_socket_driver/share/hsr_socket_driver/launch/__pycache__/driver.launch.cpython-310.pyc
-- Up-to-date: /home/huashu/co_605_arm/Hsc3DemoLinux/install/hsr_socket_driver/share/hsr_socket_driver/config
-- Up-to-date: /home/huashu/co_605_arm/Hsc3DemoLinux/install/hsr_socket_driver/share/hsr_socket_driver/config/driver.yaml
-- Up-to-date: /home/huashu/co_605_arm/Hsc3DemoLinux/install/hsr_socket_driver/share/ament_index/resource_index/package_run_dependencies/hsr_socket_driver
-- Up-to-date: /home/huashu/co_605_arm/Hsc3DemoLinux/install/hsr_socket_driver/share/ament_index/resource_index/parent_prefix_path/hsr_socket_driver
-- Up-to-date: /home/huashu/co_605_arm/Hsc3DemoLinux/install/hsr_socket_driver/share/hsr_socket_driver/environment/ament_prefix_path.sh
-- Up-to-date: /home/huashu/co_605_arm/Hsc3DemoLinux/install/hsr_socket_driver/share/hsr_socket_driver/environment/ament_prefix_path.dsv
-- Up-to-date: /home/huashu/co_605_arm/Hsc3DemoLinux/install/hsr_socket_driver/share/hsr_socket_driver/environment/path.sh
-- Up-to-date: /home/huashu/co_605_arm/Hsc3DemoLinux/install/hsr_socket_driver/share/hsr_socket_driver/environment/path.dsv
-- Up-to-date: /home/huashu/co_605_arm/Hsc3DemoLinux/install/hsr_socket_driver/share/hsr_socket_driver/local_setup.bash
-- Up-to-date: /home/huashu/co_605_arm/Hsc3DemoLinux/install/hsr_socket_driver/share/hsr_socket_driver/local_setup.sh
-- Up-to-date: /home/huashu/co_605_arm/Hsc3DemoLinux/install/hsr_socket_driver/share/hsr_socket_driver/local_setup.zsh
-- Up-to-date: /home/huashu/co_605_arm/Hsc3DemoLinux/install/hsr_socket_driver/share/hsr_socket_driver/local_setup.dsv
-- Installing: /home/huashu/co_605_arm/Hsc3DemoLinux/install/hsr_socket_driver/share/hsr_socket_driver/package.dsv
-- Up-to-date: /home/huashu/co_605_arm/Hsc3DemoLinux/install/hsr_socket_driver/share/ament_index/resource_index/packages/hsr_socket_driver
-- Up-to-date: /home/huashu/co_605_arm/Hsc3DemoLinux/install/hsr_socket_driver/share/hsr_socket_driver/cmake/hsr_socket_driverConfig.cmake
-- Up-to-date: /home/huashu/co_605_arm/Hsc3DemoLinux/install/hsr_socket_driver/share/hsr_socket_driver/cmake/hsr_socket_driverConfig-version.cmake
-- Up-to-date: /home/huashu/co_605_arm/Hsc3DemoLinux/install/hsr_socket_driver/share/hsr_socket_driver/package.xml
