[0.074s] DEBUG:colcon:Command line arguments: ['/usr/bin/colcon', 'build', '--packages-select', 'hsr_description', 'hsr_moveit_config']
[0.074s] DEBUG:colcon:Parsed command line arguments: Namespace(log_base=None, log_level=None, verb_name='build', build_base='build', install_base='install', merge_install=False, symlink_install=False, test_result_base=None, continue_on_error=False, executor='parallel', parallel_workers=16, event_handlers=None, ignore_user_meta=False, metas=['./colcon.meta'], base_paths=['.'], packages_ignore=None, packages_ignore_regex=None, paths=None, packages_up_to=None, packages_up_to_regex=None, packages_above=None, packages_above_and_dependencies=None, packages_above_depth=None, packages_select_by_dep=None, packages_skip_by_dep=None, packages_skip_up_to=None, packages_select_build_failed=False, packages_skip_build_finished=False, packages_select_test_failures=False, packages_skip_test_passed=False, packages_select=['hsr_description', 'hsr_moveit_config'], packages_skip=None, packages_select_regex=None, packages_skip_regex=None, packages_start=None, packages_end=None, allow_overriding=[], cmake_args=None, cmake_target=None, cmake_target_skip_unavailable=False, cmake_clean_cache=False, cmake_clean_first=False, cmake_force_configure=False, ament_cmake_args=None, catkin_cmake_args=None, catkin_skip_building_tests=False, verb_parser=<colcon_defaults.argument_parser.defaults.DefaultArgumentsDecorator object at 0x778361ea39a0>, verb_extension=<colcon_core.verb.build.BuildVerb object at 0x778362070e20>, main=<bound method BuildVerb.main of <colcon_core.verb.build.BuildVerb object at 0x778362070e20>>)
[0.181s] Level 1:colcon.colcon_core.package_discovery:discover_packages(colcon_meta) check parameters
[0.181s] Level 1:colcon.colcon_core.package_discovery:discover_packages(recursive) check parameters
[0.181s] Level 1:colcon.colcon_core.package_discovery:discover_packages(ignore) check parameters
[0.181s] Level 1:colcon.colcon_core.package_discovery:discover_packages(path) check parameters
[0.181s] Level 1:colcon.colcon_core.package_discovery:discover_packages(colcon_meta) discover
[0.181s] Level 1:colcon.colcon_core.package_discovery:discover_packages(recursive) discover
[0.181s] INFO:colcon.colcon_core.package_discovery:Crawling recursively for packages in '/home/huashu/co_605_arm/Hsc3DemoLinux'
[0.181s] Level 1:colcon.colcon_core.package_identification:_identify(.) by extensions ['ignore', 'ignore_ament_install']
[0.181s] Level 1:colcon.colcon_core.package_identification:_identify(.) by extension 'ignore'
[0.181s] Level 1:colcon.colcon_core.package_identification:_identify(.) by extension 'ignore_ament_install'
[0.181s] Level 1:colcon.colcon_core.package_identification:_identify(.) by extensions ['colcon_pkg']
[0.181s] Level 1:colcon.colcon_core.package_identification:_identify(.) by extension 'colcon_pkg'
[0.181s] Level 1:colcon.colcon_core.package_identification:_identify(.) by extensions ['colcon_meta']
[0.181s] Level 1:colcon.colcon_core.package_identification:_identify(.) by extension 'colcon_meta'
[0.181s] Level 1:colcon.colcon_core.package_identification:_identify(.) by extensions ['ros']
[0.181s] Level 1:colcon.colcon_core.package_identification:_identify(.) by extension 'ros'
[0.190s] Level 1:colcon.colcon_core.package_identification:_identify(.) by extensions ['cmake', 'python']
[0.190s] Level 1:colcon.colcon_core.package_identification:_identify(.) by extension 'cmake'
[0.190s] Level 1:colcon.colcon_core.package_identification:_identify(.) by extension 'python'
[0.190s] Level 1:colcon.colcon_core.package_identification:_identify(.) by extensions ['python_setup_py']
[0.190s] Level 1:colcon.colcon_core.package_identification:_identify(.) by extension 'python_setup_py'
[0.190s] Level 1:colcon.colcon_core.package_identification:_identify(Hsc3Api) by extensions ['ignore', 'ignore_ament_install']
[0.190s] Level 1:colcon.colcon_core.package_identification:_identify(Hsc3Api) by extension 'ignore'
[0.190s] Level 1:colcon.colcon_core.package_identification:_identify(Hsc3Api) by extension 'ignore_ament_install'
[0.190s] Level 1:colcon.colcon_core.package_identification:_identify(Hsc3Api) by extensions ['colcon_pkg']
[0.190s] Level 1:colcon.colcon_core.package_identification:_identify(Hsc3Api) by extension 'colcon_pkg'
[0.190s] Level 1:colcon.colcon_core.package_identification:_identify(Hsc3Api) by extensions ['colcon_meta']
[0.190s] Level 1:colcon.colcon_core.package_identification:_identify(Hsc3Api) by extension 'colcon_meta'
[0.190s] Level 1:colcon.colcon_core.package_identification:_identify(Hsc3Api) by extensions ['ros']
[0.190s] Level 1:colcon.colcon_core.package_identification:_identify(Hsc3Api) by extension 'ros'
[0.191s] Level 1:colcon.colcon_core.package_identification:_identify(Hsc3Api) by extensions ['cmake', 'python']
[0.191s] Level 1:colcon.colcon_core.package_identification:_identify(Hsc3Api) by extension 'cmake'
[0.191s] Level 1:colcon.colcon_core.package_identification:_identify(Hsc3Api) by extension 'python'
[0.191s] Level 1:colcon.colcon_core.package_identification:_identify(Hsc3Api) by extensions ['python_setup_py']
[0.191s] Level 1:colcon.colcon_core.package_identification:_identify(Hsc3Api) by extension 'python_setup_py'
[0.191s] Level 1:colcon.colcon_core.package_identification:_identify(Hsc3Api/include) by extensions ['ignore', 'ignore_ament_install']
[0.191s] Level 1:colcon.colcon_core.package_identification:_identify(Hsc3Api/include) by extension 'ignore'
[0.191s] Level 1:colcon.colcon_core.package_identification:_identify(Hsc3Api/include) by extension 'ignore_ament_install'
[0.191s] Level 1:colcon.colcon_core.package_identification:_identify(Hsc3Api/include) by extensions ['colcon_pkg']
[0.191s] Level 1:colcon.colcon_core.package_identification:_identify(Hsc3Api/include) by extension 'colcon_pkg'
[0.191s] Level 1:colcon.colcon_core.package_identification:_identify(Hsc3Api/include) by extensions ['colcon_meta']
[0.191s] Level 1:colcon.colcon_core.package_identification:_identify(Hsc3Api/include) by extension 'colcon_meta'
[0.191s] Level 1:colcon.colcon_core.package_identification:_identify(Hsc3Api/include) by extensions ['ros']
[0.191s] Level 1:colcon.colcon_core.package_identification:_identify(Hsc3Api/include) by extension 'ros'
[0.191s] Level 1:colcon.colcon_core.package_identification:_identify(Hsc3Api/include) by extensions ['cmake', 'python']
[0.191s] Level 1:colcon.colcon_core.package_identification:_identify(Hsc3Api/include) by extension 'cmake'
[0.191s] Level 1:colcon.colcon_core.package_identification:_identify(Hsc3Api/include) by extension 'python'
[0.191s] Level 1:colcon.colcon_core.package_identification:_identify(Hsc3Api/include) by extensions ['python_setup_py']
[0.191s] Level 1:colcon.colcon_core.package_identification:_identify(Hsc3Api/include) by extension 'python_setup_py'
[0.191s] Level 1:colcon.colcon_core.package_identification:_identify(Hsc3Api/include/proxy) by extensions ['ignore', 'ignore_ament_install']
[0.191s] Level 1:colcon.colcon_core.package_identification:_identify(Hsc3Api/include/proxy) by extension 'ignore'
[0.191s] Level 1:colcon.colcon_core.package_identification:_identify(Hsc3Api/include/proxy) by extension 'ignore_ament_install'
[0.191s] Level 1:colcon.colcon_core.package_identification:_identify(Hsc3Api/include/proxy) by extensions ['colcon_pkg']
[0.191s] Level 1:colcon.colcon_core.package_identification:_identify(Hsc3Api/include/proxy) by extension 'colcon_pkg'
[0.191s] Level 1:colcon.colcon_core.package_identification:_identify(Hsc3Api/include/proxy) by extensions ['colcon_meta']
[0.191s] Level 1:colcon.colcon_core.package_identification:_identify(Hsc3Api/include/proxy) by extension 'colcon_meta'
[0.191s] Level 1:colcon.colcon_core.package_identification:_identify(Hsc3Api/include/proxy) by extensions ['ros']
[0.191s] Level 1:colcon.colcon_core.package_identification:_identify(Hsc3Api/include/proxy) by extension 'ros'
[0.191s] Level 1:colcon.colcon_core.package_identification:_identify(Hsc3Api/include/proxy) by extensions ['cmake', 'python']
[0.191s] Level 1:colcon.colcon_core.package_identification:_identify(Hsc3Api/include/proxy) by extension 'cmake'
[0.191s] Level 1:colcon.colcon_core.package_identification:_identify(Hsc3Api/include/proxy) by extension 'python'
[0.191s] Level 1:colcon.colcon_core.package_identification:_identify(Hsc3Api/include/proxy) by extensions ['python_setup_py']
[0.191s] Level 1:colcon.colcon_core.package_identification:_identify(Hsc3Api/include/proxy) by extension 'python_setup_py'
[0.191s] Level 1:colcon.colcon_core.package_identification:_identify(Hsc3Api/include/vision) by extensions ['ignore', 'ignore_ament_install']
[0.192s] Level 1:colcon.colcon_core.package_identification:_identify(Hsc3Api/include/vision) by extension 'ignore'
[0.192s] Level 1:colcon.colcon_core.package_identification:_identify(Hsc3Api/include/vision) by extension 'ignore_ament_install'
[0.192s] Level 1:colcon.colcon_core.package_identification:_identify(Hsc3Api/include/vision) by extensions ['colcon_pkg']
[0.192s] Level 1:colcon.colcon_core.package_identification:_identify(Hsc3Api/include/vision) by extension 'colcon_pkg'
[0.192s] Level 1:colcon.colcon_core.package_identification:_identify(Hsc3Api/include/vision) by extensions ['colcon_meta']
[0.192s] Level 1:colcon.colcon_core.package_identification:_identify(Hsc3Api/include/vision) by extension 'colcon_meta'
[0.192s] Level 1:colcon.colcon_core.package_identification:_identify(Hsc3Api/include/vision) by extensions ['ros']
[0.192s] Level 1:colcon.colcon_core.package_identification:_identify(Hsc3Api/include/vision) by extension 'ros'
[0.192s] Level 1:colcon.colcon_core.package_identification:_identify(Hsc3Api/include/vision) by extensions ['cmake', 'python']
[0.192s] Level 1:colcon.colcon_core.package_identification:_identify(Hsc3Api/include/vision) by extension 'cmake'
[0.192s] Level 1:colcon.colcon_core.package_identification:_identify(Hsc3Api/include/vision) by extension 'python'
[0.192s] Level 1:colcon.colcon_core.package_identification:_identify(Hsc3Api/include/vision) by extensions ['python_setup_py']
[0.192s] Level 1:colcon.colcon_core.package_identification:_identify(Hsc3Api/include/vision) by extension 'python_setup_py'
[0.192s] Level 1:colcon.colcon_core.package_identification:_identify(Hsc3Api/lib) by extensions ['ignore', 'ignore_ament_install']
[0.192s] Level 1:colcon.colcon_core.package_identification:_identify(Hsc3Api/lib) by extension 'ignore'
[0.192s] Level 1:colcon.colcon_core.package_identification:_identify(Hsc3Api/lib) by extension 'ignore_ament_install'
[0.192s] Level 1:colcon.colcon_core.package_identification:_identify(Hsc3Api/lib) by extensions ['colcon_pkg']
[0.192s] Level 1:colcon.colcon_core.package_identification:_identify(Hsc3Api/lib) by extension 'colcon_pkg'
[0.192s] Level 1:colcon.colcon_core.package_identification:_identify(Hsc3Api/lib) by extensions ['colcon_meta']
[0.192s] Level 1:colcon.colcon_core.package_identification:_identify(Hsc3Api/lib) by extension 'colcon_meta'
[0.192s] Level 1:colcon.colcon_core.package_identification:_identify(Hsc3Api/lib) by extensions ['ros']
[0.192s] Level 1:colcon.colcon_core.package_identification:_identify(Hsc3Api/lib) by extension 'ros'
[0.192s] Level 1:colcon.colcon_core.package_identification:_identify(Hsc3Api/lib) by extensions ['cmake', 'python']
[0.192s] Level 1:colcon.colcon_core.package_identification:_identify(Hsc3Api/lib) by extension 'cmake'
[0.192s] Level 1:colcon.colcon_core.package_identification:_identify(Hsc3Api/lib) by extension 'python'
[0.192s] Level 1:colcon.colcon_core.package_identification:_identify(Hsc3Api/lib) by extensions ['python_setup_py']
[0.192s] Level 1:colcon.colcon_core.package_identification:_identify(Hsc3Api/lib) by extension 'python_setup_py'
[0.192s] Level 1:colcon.colcon_core.package_identification:_identify(build) by extensions ['ignore', 'ignore_ament_install']
[0.192s] Level 1:colcon.colcon_core.package_identification:_identify(build) by extension 'ignore'
[0.192s] Level 1:colcon.colcon_core.package_identification:_identify(build) ignored
[0.192s] Level 1:colcon.colcon_core.package_identification:_identify(build_CommApi) by extensions ['ignore', 'ignore_ament_install']
[0.192s] Level 1:colcon.colcon_core.package_identification:_identify(build_CommApi) by extension 'ignore'
[0.192s] Level 1:colcon.colcon_core.package_identification:_identify(build_CommApi) by extension 'ignore_ament_install'
[0.192s] Level 1:colcon.colcon_core.package_identification:_identify(build_CommApi) by extensions ['colcon_pkg']
[0.192s] Level 1:colcon.colcon_core.package_identification:_identify(build_CommApi) by extension 'colcon_pkg'
[0.192s] Level 1:colcon.colcon_core.package_identification:_identify(build_CommApi) by extensions ['colcon_meta']
[0.192s] Level 1:colcon.colcon_core.package_identification:_identify(build_CommApi) by extension 'colcon_meta'
[0.193s] Level 1:colcon.colcon_core.package_identification:_identify(build_CommApi) by extensions ['ros']
[0.193s] Level 1:colcon.colcon_core.package_identification:_identify(build_CommApi) by extension 'ros'
[0.193s] Level 1:colcon.colcon_core.package_identification:_identify(build_CommApi) by extensions ['cmake', 'python']
[0.193s] Level 1:colcon.colcon_core.package_identification:_identify(build_CommApi) by extension 'cmake'
[0.193s] Level 1:colcon.colcon_core.package_identification:_identify(build_CommApi) by extension 'python'
[0.193s] Level 1:colcon.colcon_core.package_identification:_identify(build_CommApi) by extensions ['python_setup_py']
[0.193s] Level 1:colcon.colcon_core.package_identification:_identify(build_CommApi) by extension 'python_setup_py'
[0.193s] Level 1:colcon.colcon_core.package_identification:_identify(build_CommApi/log) by extensions ['ignore', 'ignore_ament_install']
[0.193s] Level 1:colcon.colcon_core.package_identification:_identify(build_CommApi/log) by extension 'ignore'
[0.193s] Level 1:colcon.colcon_core.package_identification:_identify(build_CommApi/log) by extension 'ignore_ament_install'
[0.193s] Level 1:colcon.colcon_core.package_identification:_identify(build_CommApi/log) by extensions ['colcon_pkg']
[0.193s] Level 1:colcon.colcon_core.package_identification:_identify(build_CommApi/log) by extension 'colcon_pkg'
[0.193s] Level 1:colcon.colcon_core.package_identification:_identify(build_CommApi/log) by extensions ['colcon_meta']
[0.193s] Level 1:colcon.colcon_core.package_identification:_identify(build_CommApi/log) by extension 'colcon_meta'
[0.193s] Level 1:colcon.colcon_core.package_identification:_identify(build_CommApi/log) by extensions ['ros']
[0.193s] Level 1:colcon.colcon_core.package_identification:_identify(build_CommApi/log) by extension 'ros'
[0.193s] Level 1:colcon.colcon_core.package_identification:_identify(build_CommApi/log) by extensions ['cmake', 'python']
[0.193s] Level 1:colcon.colcon_core.package_identification:_identify(build_CommApi/log) by extension 'cmake'
[0.193s] Level 1:colcon.colcon_core.package_identification:_identify(build_CommApi/log) by extension 'python'
[0.193s] Level 1:colcon.colcon_core.package_identification:_identify(build_CommApi/log) by extensions ['python_setup_py']
[0.193s] Level 1:colcon.colcon_core.package_identification:_identify(build_CommApi/log) by extension 'python_setup_py'
[0.193s] Level 1:colcon.colcon_core.package_identification:_identify(build_Motion) by extensions ['ignore', 'ignore_ament_install']
[0.193s] Level 1:colcon.colcon_core.package_identification:_identify(build_Motion) by extension 'ignore'
[0.193s] Level 1:colcon.colcon_core.package_identification:_identify(build_Motion) by extension 'ignore_ament_install'
[0.193s] Level 1:colcon.colcon_core.package_identification:_identify(build_Motion) by extensions ['colcon_pkg']
[0.193s] Level 1:colcon.colcon_core.package_identification:_identify(build_Motion) by extension 'colcon_pkg'
[0.193s] Level 1:colcon.colcon_core.package_identification:_identify(build_Motion) by extensions ['colcon_meta']
[0.193s] Level 1:colcon.colcon_core.package_identification:_identify(build_Motion) by extension 'colcon_meta'
[0.193s] Level 1:colcon.colcon_core.package_identification:_identify(build_Motion) by extensions ['ros']
[0.193s] Level 1:colcon.colcon_core.package_identification:_identify(build_Motion) by extension 'ros'
[0.193s] Level 1:colcon.colcon_core.package_identification:_identify(build_Motion) by extensions ['cmake', 'python']
[0.193s] Level 1:colcon.colcon_core.package_identification:_identify(build_Motion) by extension 'cmake'
[0.193s] Level 1:colcon.colcon_core.package_identification:_identify(build_Motion) by extension 'python'
[0.193s] Level 1:colcon.colcon_core.package_identification:_identify(build_Motion) by extensions ['python_setup_py']
[0.193s] Level 1:colcon.colcon_core.package_identification:_identify(build_Motion) by extension 'python_setup_py'
[0.193s] Level 1:colcon.colcon_core.package_identification:_identify(build_Motion/build) by extensions ['ignore', 'ignore_ament_install']
[0.193s] Level 1:colcon.colcon_core.package_identification:_identify(build_Motion/build) by extension 'ignore'
[0.193s] Level 1:colcon.colcon_core.package_identification:_identify(build_Motion/build) ignored
[0.194s] Level 1:colcon.colcon_core.package_identification:_identify(build_Motion/install) by extensions ['ignore', 'ignore_ament_install']
[0.194s] Level 1:colcon.colcon_core.package_identification:_identify(build_Motion/install) by extension 'ignore'
[0.194s] Level 1:colcon.colcon_core.package_identification:_identify(build_Motion/install) ignored
[0.194s] Level 1:colcon.colcon_core.package_identification:_identify(build_Motion/log) by extensions ['ignore', 'ignore_ament_install']
[0.194s] Level 1:colcon.colcon_core.package_identification:_identify(build_Motion/log) by extension 'ignore'
[0.194s] Level 1:colcon.colcon_core.package_identification:_identify(build_Motion/log) ignored
[0.194s] Level 1:colcon.colcon_core.package_identification:_identify(build_Move) by extensions ['ignore', 'ignore_ament_install']
[0.194s] Level 1:colcon.colcon_core.package_identification:_identify(build_Move) by extension 'ignore'
[0.194s] Level 1:colcon.colcon_core.package_identification:_identify(build_Move) by extension 'ignore_ament_install'
[0.194s] Level 1:colcon.colcon_core.package_identification:_identify(build_Move) by extensions ['colcon_pkg']
[0.194s] Level 1:colcon.colcon_core.package_identification:_identify(build_Move) by extension 'colcon_pkg'
[0.194s] Level 1:colcon.colcon_core.package_identification:_identify(build_Move) by extensions ['colcon_meta']
[0.194s] Level 1:colcon.colcon_core.package_identification:_identify(build_Move) by extension 'colcon_meta'
[0.194s] Level 1:colcon.colcon_core.package_identification:_identify(build_Move) by extensions ['ros']
[0.194s] Level 1:colcon.colcon_core.package_identification:_identify(build_Move) by extension 'ros'
[0.194s] Level 1:colcon.colcon_core.package_identification:_identify(build_Move) by extensions ['cmake', 'python']
[0.194s] Level 1:colcon.colcon_core.package_identification:_identify(build_Move) by extension 'cmake'
[0.194s] Level 1:colcon.colcon_core.package_identification:_identify(build_Move) by extension 'python'
[0.194s] Level 1:colcon.colcon_core.package_identification:_identify(build_Move) by extensions ['python_setup_py']
[0.194s] Level 1:colcon.colcon_core.package_identification:_identify(build_Move) by extension 'python_setup_py'
[0.194s] Level 1:colcon.colcon_core.package_identification:_identify(build_Sys) by extensions ['ignore', 'ignore_ament_install']
[0.194s] Level 1:colcon.colcon_core.package_identification:_identify(build_Sys) by extension 'ignore'
[0.194s] Level 1:colcon.colcon_core.package_identification:_identify(build_Sys) by extension 'ignore_ament_install'
[0.194s] Level 1:colcon.colcon_core.package_identification:_identify(build_Sys) by extensions ['colcon_pkg']
[0.194s] Level 1:colcon.colcon_core.package_identification:_identify(build_Sys) by extension 'colcon_pkg'
[0.194s] Level 1:colcon.colcon_core.package_identification:_identify(build_Sys) by extensions ['colcon_meta']
[0.194s] Level 1:colcon.colcon_core.package_identification:_identify(build_Sys) by extension 'colcon_meta'
[0.194s] Level 1:colcon.colcon_core.package_identification:_identify(build_Sys) by extensions ['ros']
[0.194s] Level 1:colcon.colcon_core.package_identification:_identify(build_Sys) by extension 'ros'
[0.194s] Level 1:colcon.colcon_core.package_identification:_identify(build_Sys) by extensions ['cmake', 'python']
[0.194s] Level 1:colcon.colcon_core.package_identification:_identify(build_Sys) by extension 'cmake'
[0.194s] Level 1:colcon.colcon_core.package_identification:_identify(build_Sys) by extension 'python'
[0.194s] Level 1:colcon.colcon_core.package_identification:_identify(build_Sys) by extensions ['python_setup_py']
[0.194s] Level 1:colcon.colcon_core.package_identification:_identify(build_Sys) by extension 'python_setup_py'
[0.194s] Level 1:colcon.colcon_core.package_identification:_identify(co602) by extensions ['ignore', 'ignore_ament_install']
[0.195s] Level 1:colcon.colcon_core.package_identification:_identify(co602) by extension 'ignore'
[0.195s] Level 1:colcon.colcon_core.package_identification:_identify(co602) by extension 'ignore_ament_install'
[0.195s] Level 1:colcon.colcon_core.package_identification:_identify(co602) by extensions ['colcon_pkg']
[0.195s] Level 1:colcon.colcon_core.package_identification:_identify(co602) by extension 'colcon_pkg'
[0.195s] Level 1:colcon.colcon_core.package_identification:_identify(co602) by extensions ['colcon_meta']
[0.195s] Level 1:colcon.colcon_core.package_identification:_identify(co602) by extension 'colcon_meta'
[0.195s] Level 1:colcon.colcon_core.package_identification:_identify(co602) by extensions ['ros']
[0.195s] Level 1:colcon.colcon_core.package_identification:_identify(co602) by extension 'ros'
[0.195s] Level 1:colcon.colcon_core.package_identification:_identify(co602) by extensions ['cmake', 'python']
[0.195s] Level 1:colcon.colcon_core.package_identification:_identify(co602) by extension 'cmake'
[0.195s] Level 1:colcon.colcon_core.package_identification:_identify(co602) by extension 'python'
[0.195s] Level 1:colcon.colcon_core.package_identification:_identify(co602) by extensions ['python_setup_py']
[0.195s] Level 1:colcon.colcon_core.package_identification:_identify(co602) by extension 'python_setup_py'
[0.195s] Level 1:colcon.colcon_core.package_identification:_identify(co602/co602_490) by extensions ['ignore', 'ignore_ament_install']
[0.195s] Level 1:colcon.colcon_core.package_identification:_identify(co602/co602_490) by extension 'ignore'
[0.195s] Level 1:colcon.colcon_core.package_identification:_identify(co602/co602_490) by extension 'ignore_ament_install'
[0.195s] Level 1:colcon.colcon_core.package_identification:_identify(co602/co602_490) by extensions ['colcon_pkg']
[0.195s] Level 1:colcon.colcon_core.package_identification:_identify(co602/co602_490) by extension 'colcon_pkg'
[0.195s] Level 1:colcon.colcon_core.package_identification:_identify(co602/co602_490) by extensions ['colcon_meta']
[0.195s] Level 1:colcon.colcon_core.package_identification:_identify(co602/co602_490) by extension 'colcon_meta'
[0.195s] Level 1:colcon.colcon_core.package_identification:_identify(co602/co602_490) by extensions ['ros']
[0.195s] Level 1:colcon.colcon_core.package_identification:_identify(co602/co602_490) by extension 'ros'
[0.195s] Level 1:colcon.colcon_core.package_identification:_identify(co602/co602_490) by extensions ['cmake', 'python']
[0.195s] Level 1:colcon.colcon_core.package_identification:_identify(co602/co602_490) by extension 'cmake'
[0.195s] Level 1:colcon.colcon_core.package_identification:_identify(co602/co602_490) by extension 'python'
[0.195s] Level 1:colcon.colcon_core.package_identification:_identify(co602/co602_490) by extensions ['python_setup_py']
[0.195s] Level 1:colcon.colcon_core.package_identification:_identify(co602/co602_490) by extension 'python_setup_py'
[0.195s] Level 1:colcon.colcon_core.package_identification:_identify(hsr_description) by extensions ['ignore', 'ignore_ament_install']
[0.195s] Level 1:colcon.colcon_core.package_identification:_identify(hsr_description) by extension 'ignore'
[0.195s] Level 1:colcon.colcon_core.package_identification:_identify(hsr_description) by extension 'ignore_ament_install'
[0.195s] Level 1:colcon.colcon_core.package_identification:_identify(hsr_description) by extensions ['colcon_pkg']
[0.195s] Level 1:colcon.colcon_core.package_identification:_identify(hsr_description) by extension 'colcon_pkg'
[0.195s] Level 1:colcon.colcon_core.package_identification:_identify(hsr_description) by extensions ['colcon_meta']
[0.195s] Level 1:colcon.colcon_core.package_identification:_identify(hsr_description) by extension 'colcon_meta'
[0.195s] Level 1:colcon.colcon_core.package_identification:_identify(hsr_description) by extensions ['ros']
[0.195s] Level 1:colcon.colcon_core.package_identification:_identify(hsr_description) by extension 'ros'
[0.197s] DEBUG:colcon.colcon_core.package_identification:Package 'hsr_description' with type 'ros.ament_cmake' and name 'hsr_description'
[0.197s] Level 1:colcon.colcon_core.package_identification:_identify(hsr_moveit_config) by extensions ['ignore', 'ignore_ament_install']
[0.198s] Level 1:colcon.colcon_core.package_identification:_identify(hsr_moveit_config) by extension 'ignore'
[0.198s] Level 1:colcon.colcon_core.package_identification:_identify(hsr_moveit_config) by extension 'ignore_ament_install'
[0.198s] Level 1:colcon.colcon_core.package_identification:_identify(hsr_moveit_config) by extensions ['colcon_pkg']
[0.198s] Level 1:colcon.colcon_core.package_identification:_identify(hsr_moveit_config) by extension 'colcon_pkg'
[0.198s] Level 1:colcon.colcon_core.package_identification:_identify(hsr_moveit_config) by extensions ['colcon_meta']
[0.198s] Level 1:colcon.colcon_core.package_identification:_identify(hsr_moveit_config) by extension 'colcon_meta'
[0.198s] Level 1:colcon.colcon_core.package_identification:_identify(hsr_moveit_config) by extensions ['ros']
[0.198s] Level 1:colcon.colcon_core.package_identification:_identify(hsr_moveit_config) by extension 'ros'
[0.198s] DEBUG:colcon.colcon_core.package_identification:Package 'hsr_moveit_config' with type 'ros.ament_cmake' and name 'hsr_moveit_config'
[0.198s] Level 1:colcon.colcon_core.package_identification:_identify(hsr_socket_driver) by extensions ['ignore', 'ignore_ament_install']
[0.199s] Level 1:colcon.colcon_core.package_identification:_identify(hsr_socket_driver) by extension 'ignore'
[0.199s] Level 1:colcon.colcon_core.package_identification:_identify(hsr_socket_driver) by extension 'ignore_ament_install'
[0.199s] Level 1:colcon.colcon_core.package_identification:_identify(hsr_socket_driver) by extensions ['colcon_pkg']
[0.199s] Level 1:colcon.colcon_core.package_identification:_identify(hsr_socket_driver) by extension 'colcon_pkg'
[0.199s] Level 1:colcon.colcon_core.package_identification:_identify(hsr_socket_driver) by extensions ['colcon_meta']
[0.199s] Level 1:colcon.colcon_core.package_identification:_identify(hsr_socket_driver) by extension 'colcon_meta'
[0.199s] Level 1:colcon.colcon_core.package_identification:_identify(hsr_socket_driver) by extensions ['ros']
[0.199s] Level 1:colcon.colcon_core.package_identification:_identify(hsr_socket_driver) by extension 'ros'
[0.199s] DEBUG:colcon.colcon_core.package_identification:Package 'hsr_socket_driver' with type 'ros.ament_cmake' and name 'hsr_socket_driver'
[0.199s] Level 1:colcon.colcon_core.package_identification:_identify(install) by extensions ['ignore', 'ignore_ament_install']
[0.199s] Level 1:colcon.colcon_core.package_identification:_identify(install) by extension 'ignore'
[0.199s] Level 1:colcon.colcon_core.package_identification:_identify(install) ignored
[0.200s] Level 1:colcon.colcon_core.package_identification:_identify(log) by extensions ['ignore', 'ignore_ament_install']
[0.200s] Level 1:colcon.colcon_core.package_identification:_identify(log) by extension 'ignore'
[0.200s] Level 1:colcon.colcon_core.package_identification:_identify(log) ignored
[0.200s] Level 1:colcon.colcon_core.package_discovery:discover_packages(recursive) using defaults
[0.200s] Level 1:colcon.colcon_core.package_discovery:discover_packages(ignore) discover
[0.200s] Level 1:colcon.colcon_core.package_discovery:discover_packages(ignore) using defaults
[0.200s] Level 1:colcon.colcon_core.package_discovery:discover_packages(path) discover
[0.200s] Level 1:colcon.colcon_core.package_discovery:discover_packages(path) using defaults
[0.216s] INFO:colcon.colcon_core.package_selection:Skipping not selected package 'hsr_socket_driver' in 'hsr_socket_driver'
[0.216s] Level 1:colcon.colcon_core.package_discovery:discover_packages(prefix_path) check parameters
[0.216s] Level 1:colcon.colcon_core.package_discovery:discover_packages(prefix_path) discover
[0.217s] DEBUG:colcon.colcon_installed_package_information.package_discovery:Found 3 installed packages in /home/huashu/orbbec_ros2_ws/install
[0.218s] DEBUG:colcon.colcon_installed_package_information.package_discovery:Found 321 installed packages in /opt/ros/humble
[0.228s] Level 1:colcon.colcon_core.package_discovery:discover_packages(prefix_path) using defaults
[0.255s] Level 5:colcon.colcon_core.verb:set package 'hsr_description' build argument 'cmake_args' from command line to 'None'
[0.255s] Level 5:colcon.colcon_core.verb:set package 'hsr_description' build argument 'cmake_target' from command line to 'None'
[0.255s] Level 5:colcon.colcon_core.verb:set package 'hsr_description' build argument 'cmake_target_skip_unavailable' from command line to 'False'
[0.255s] Level 5:colcon.colcon_core.verb:set package 'hsr_description' build argument 'cmake_clean_cache' from command line to 'False'
[0.255s] Level 5:colcon.colcon_core.verb:set package 'hsr_description' build argument 'cmake_clean_first' from command line to 'False'
[0.255s] Level 5:colcon.colcon_core.verb:set package 'hsr_description' build argument 'cmake_force_configure' from command line to 'False'
[0.255s] Level 5:colcon.colcon_core.verb:set package 'hsr_description' build argument 'ament_cmake_args' from command line to 'None'
[0.255s] Level 5:colcon.colcon_core.verb:set package 'hsr_description' build argument 'catkin_cmake_args' from command line to 'None'
[0.255s] Level 5:colcon.colcon_core.verb:set package 'hsr_description' build argument 'catkin_skip_building_tests' from command line to 'False'
[0.255s] DEBUG:colcon.colcon_core.verb:Building package 'hsr_description' with the following arguments: {'ament_cmake_args': None, 'build_base': '/home/huashu/co_605_arm/Hsc3DemoLinux/build/hsr_description', 'catkin_cmake_args': None, 'catkin_skip_building_tests': False, 'cmake_args': None, 'cmake_clean_cache': False, 'cmake_clean_first': False, 'cmake_force_configure': False, 'cmake_target': None, 'cmake_target_skip_unavailable': False, 'install_base': '/home/huashu/co_605_arm/Hsc3DemoLinux/install/hsr_description', 'merge_install': False, 'path': '/home/huashu/co_605_arm/Hsc3DemoLinux/hsr_description', 'symlink_install': False, 'test_result_base': None}
[0.255s] Level 5:colcon.colcon_core.verb:set package 'hsr_moveit_config' build argument 'cmake_args' from command line to 'None'
[0.255s] Level 5:colcon.colcon_core.verb:set package 'hsr_moveit_config' build argument 'cmake_target' from command line to 'None'
[0.255s] Level 5:colcon.colcon_core.verb:set package 'hsr_moveit_config' build argument 'cmake_target_skip_unavailable' from command line to 'False'
[0.255s] Level 5:colcon.colcon_core.verb:set package 'hsr_moveit_config' build argument 'cmake_clean_cache' from command line to 'False'
[0.255s] Level 5:colcon.colcon_core.verb:set package 'hsr_moveit_config' build argument 'cmake_clean_first' from command line to 'False'
[0.255s] Level 5:colcon.colcon_core.verb:set package 'hsr_moveit_config' build argument 'cmake_force_configure' from command line to 'False'
[0.255s] Level 5:colcon.colcon_core.verb:set package 'hsr_moveit_config' build argument 'ament_cmake_args' from command line to 'None'
[0.255s] Level 5:colcon.colcon_core.verb:set package 'hsr_moveit_config' build argument 'catkin_cmake_args' from command line to 'None'
[0.255s] Level 5:colcon.colcon_core.verb:set package 'hsr_moveit_config' build argument 'catkin_skip_building_tests' from command line to 'False'
[0.256s] DEBUG:colcon.colcon_core.verb:Building package 'hsr_moveit_config' with the following arguments: {'ament_cmake_args': None, 'build_base': '/home/huashu/co_605_arm/Hsc3DemoLinux/build/hsr_moveit_config', 'catkin_cmake_args': None, 'catkin_skip_building_tests': False, 'cmake_args': None, 'cmake_clean_cache': False, 'cmake_clean_first': False, 'cmake_force_configure': False, 'cmake_target': None, 'cmake_target_skip_unavailable': False, 'install_base': '/home/huashu/co_605_arm/Hsc3DemoLinux/install/hsr_moveit_config', 'merge_install': False, 'path': '/home/huashu/co_605_arm/Hsc3DemoLinux/hsr_moveit_config', 'symlink_install': False, 'test_result_base': None}
[0.256s] INFO:colcon.colcon_core.executor:Executing jobs using 'parallel' executor
[0.256s] DEBUG:colcon.colcon_parallel_executor.executor.parallel:run_until_complete
[0.257s] INFO:colcon.colcon_ros.task.ament_cmake.build:Building ROS package in '/home/huashu/co_605_arm/Hsc3DemoLinux/hsr_description' with build type 'ament_cmake'
[0.257s] INFO:colcon.colcon_cmake.task.cmake.build:Building CMake package in '/home/huashu/co_605_arm/Hsc3DemoLinux/hsr_description'
[0.259s] INFO:colcon.colcon_core.plugin_system:Skipping extension 'colcon_core.shell.bat': Not used on non-Windows systems
[0.260s] INFO:colcon.colcon_core.shell:Skip shell extension 'powershell' for command environment: Not usable outside of PowerShell
[0.260s] DEBUG:colcon.colcon_core.shell:Skip shell extension 'dsv' for command environment
[0.268s] DEBUG:colcon.colcon_core.event_handler.log_command:Invoking command in '/home/huashu/co_605_arm/Hsc3DemoLinux/build/hsr_description': CMAKE_PREFIX_PATH=${CMAKE_PREFIX_PATH}:/opt/ros/humble /usr/bin/cmake /home/huashu/co_605_arm/Hsc3DemoLinux/hsr_description -DCMAKE_INSTALL_PREFIX=/home/huashu/co_605_arm/Hsc3DemoLinux/install/hsr_description
[0.803s] DEBUG:colcon.colcon_core.event_handler.log_command:Invoked command in '/home/huashu/co_605_arm/Hsc3DemoLinux/build/hsr_description' returned '0': CMAKE_PREFIX_PATH=${CMAKE_PREFIX_PATH}:/opt/ros/humble /usr/bin/cmake /home/huashu/co_605_arm/Hsc3DemoLinux/hsr_description -DCMAKE_INSTALL_PREFIX=/home/huashu/co_605_arm/Hsc3DemoLinux/install/hsr_description
[0.805s] DEBUG:colcon.colcon_core.event_handler.log_command:Invoking command in '/home/huashu/co_605_arm/Hsc3DemoLinux/build/hsr_description': CMAKE_PREFIX_PATH=${CMAKE_PREFIX_PATH}:/opt/ros/humble /usr/bin/cmake --build /home/huashu/co_605_arm/Hsc3DemoLinux/build/hsr_description -- -j16 -l16
[0.845s] DEBUG:colcon.colcon_core.event_handler.log_command:Invoked command in '/home/huashu/co_605_arm/Hsc3DemoLinux/build/hsr_description' returned '0': CMAKE_PREFIX_PATH=${CMAKE_PREFIX_PATH}:/opt/ros/humble /usr/bin/cmake --build /home/huashu/co_605_arm/Hsc3DemoLinux/build/hsr_description -- -j16 -l16
[0.854s] DEBUG:colcon.colcon_core.event_handler.log_command:Invoking command in '/home/huashu/co_605_arm/Hsc3DemoLinux/build/hsr_description': CMAKE_PREFIX_PATH=${CMAKE_PREFIX_PATH}:/opt/ros/humble /usr/bin/cmake --install /home/huashu/co_605_arm/Hsc3DemoLinux/build/hsr_description
[0.866s] Level 1:colcon.colcon_core.environment:create_environment_scripts_only(hsr_description)
[0.867s] DEBUG:colcon.colcon_core.event_handler.log_command:Invoked command in '/home/huashu/co_605_arm/Hsc3DemoLinux/build/hsr_description' returned '0': CMAKE_PREFIX_PATH=${CMAKE_PREFIX_PATH}:/opt/ros/humble /usr/bin/cmake --install /home/huashu/co_605_arm/Hsc3DemoLinux/build/hsr_description
[0.869s] Level 1:colcon.colcon_core.environment:checking '/home/huashu/co_605_arm/Hsc3DemoLinux/install/hsr_description' for CMake module files
[0.870s] Level 1:colcon.colcon_core.environment:checking '/home/huashu/co_605_arm/Hsc3DemoLinux/install/hsr_description' for CMake config files
[0.870s] Level 1:colcon.colcon_core.shell:create_environment_hook('hsr_description', 'cmake_prefix_path')
[0.870s] INFO:colcon.colcon_core.shell:Creating environment hook '/home/huashu/co_605_arm/Hsc3DemoLinux/install/hsr_description/share/hsr_description/hook/cmake_prefix_path.ps1'
[0.871s] INFO:colcon.colcon_core.shell:Creating environment descriptor '/home/huashu/co_605_arm/Hsc3DemoLinux/install/hsr_description/share/hsr_description/hook/cmake_prefix_path.dsv'
[0.872s] INFO:colcon.colcon_core.shell:Creating environment hook '/home/huashu/co_605_arm/Hsc3DemoLinux/install/hsr_description/share/hsr_description/hook/cmake_prefix_path.sh'
[0.873s] Level 1:colcon.colcon_core.environment:checking '/home/huashu/co_605_arm/Hsc3DemoLinux/install/hsr_description/bin'
[0.873s] Level 1:colcon.colcon_core.environment:checking '/home/huashu/co_605_arm/Hsc3DemoLinux/install/hsr_description/lib/pkgconfig/hsr_description.pc'
[0.873s] Level 1:colcon.colcon_core.environment:checking '/home/huashu/co_605_arm/Hsc3DemoLinux/install/hsr_description/lib/python3.10/site-packages'
[0.873s] Level 1:colcon.colcon_core.environment:checking '/home/huashu/co_605_arm/Hsc3DemoLinux/install/hsr_description/bin'
[0.873s] INFO:colcon.colcon_core.shell:Creating package script '/home/huashu/co_605_arm/Hsc3DemoLinux/install/hsr_description/share/hsr_description/package.ps1'
[0.874s] INFO:colcon.colcon_core.shell:Creating package descriptor '/home/huashu/co_605_arm/Hsc3DemoLinux/install/hsr_description/share/hsr_description/package.dsv'
[0.874s] INFO:colcon.colcon_core.shell:Creating package script '/home/huashu/co_605_arm/Hsc3DemoLinux/install/hsr_description/share/hsr_description/package.sh'
[0.874s] INFO:colcon.colcon_core.shell:Creating package script '/home/huashu/co_605_arm/Hsc3DemoLinux/install/hsr_description/share/hsr_description/package.bash'
[0.875s] INFO:colcon.colcon_core.shell:Creating package script '/home/huashu/co_605_arm/Hsc3DemoLinux/install/hsr_description/share/hsr_description/package.zsh'
[0.875s] Level 1:colcon.colcon_core.environment:create_file_with_runtime_dependencies(/home/huashu/co_605_arm/Hsc3DemoLinux/install/hsr_description/share/colcon-core/packages/hsr_description)
[0.876s] Level 1:colcon.colcon_core.environment:create_environment_scripts_only(hsr_description)
[0.876s] Level 1:colcon.colcon_core.environment:checking '/home/huashu/co_605_arm/Hsc3DemoLinux/install/hsr_description' for CMake module files
[0.876s] Level 1:colcon.colcon_core.environment:checking '/home/huashu/co_605_arm/Hsc3DemoLinux/install/hsr_description' for CMake config files
[0.876s] Level 1:colcon.colcon_core.shell:create_environment_hook('hsr_description', 'cmake_prefix_path')
[0.877s] INFO:colcon.colcon_core.shell:Creating environment hook '/home/huashu/co_605_arm/Hsc3DemoLinux/install/hsr_description/share/hsr_description/hook/cmake_prefix_path.ps1'
[0.877s] INFO:colcon.colcon_core.shell:Creating environment descriptor '/home/huashu/co_605_arm/Hsc3DemoLinux/install/hsr_description/share/hsr_description/hook/cmake_prefix_path.dsv'
[0.877s] INFO:colcon.colcon_core.shell:Creating environment hook '/home/huashu/co_605_arm/Hsc3DemoLinux/install/hsr_description/share/hsr_description/hook/cmake_prefix_path.sh'
[0.878s] Level 1:colcon.colcon_core.environment:checking '/home/huashu/co_605_arm/Hsc3DemoLinux/install/hsr_description/bin'
[0.878s] Level 1:colcon.colcon_core.environment:checking '/home/huashu/co_605_arm/Hsc3DemoLinux/install/hsr_description/lib/pkgconfig/hsr_description.pc'
[0.878s] Level 1:colcon.colcon_core.environment:checking '/home/huashu/co_605_arm/Hsc3DemoLinux/install/hsr_description/lib/python3.10/site-packages'
[0.878s] Level 1:colcon.colcon_core.environment:checking '/home/huashu/co_605_arm/Hsc3DemoLinux/install/hsr_description/bin'
[0.878s] INFO:colcon.colcon_core.shell:Creating package script '/home/huashu/co_605_arm/Hsc3DemoLinux/install/hsr_description/share/hsr_description/package.ps1'
[0.879s] INFO:colcon.colcon_core.shell:Creating package descriptor '/home/huashu/co_605_arm/Hsc3DemoLinux/install/hsr_description/share/hsr_description/package.dsv'
[0.879s] INFO:colcon.colcon_core.shell:Creating package script '/home/huashu/co_605_arm/Hsc3DemoLinux/install/hsr_description/share/hsr_description/package.sh'
[0.879s] INFO:colcon.colcon_core.shell:Creating package script '/home/huashu/co_605_arm/Hsc3DemoLinux/install/hsr_description/share/hsr_description/package.bash'
[0.880s] INFO:colcon.colcon_core.shell:Creating package script '/home/huashu/co_605_arm/Hsc3DemoLinux/install/hsr_description/share/hsr_description/package.zsh'
[0.880s] Level 1:colcon.colcon_core.environment:create_file_with_runtime_dependencies(/home/huashu/co_605_arm/Hsc3DemoLinux/install/hsr_description/share/colcon-core/packages/hsr_description)
[0.880s] INFO:colcon.colcon_ros.task.ament_cmake.build:Building ROS package in '/home/huashu/co_605_arm/Hsc3DemoLinux/hsr_moveit_config' with build type 'ament_cmake'
[0.880s] INFO:colcon.colcon_cmake.task.cmake.build:Building CMake package in '/home/huashu/co_605_arm/Hsc3DemoLinux/hsr_moveit_config'
[0.880s] INFO:colcon.colcon_core.shell:Skip shell extension 'powershell' for command environment: Not usable outside of PowerShell
[0.880s] DEBUG:colcon.colcon_core.shell:Skip shell extension 'dsv' for command environment
[0.887s] DEBUG:colcon.colcon_core.event_handler.log_command:Invoking command in '/home/huashu/co_605_arm/Hsc3DemoLinux/build/hsr_moveit_config': AMENT_PREFIX_PATH=/home/huashu/co_605_arm/Hsc3DemoLinux/install/hsr_description:${AMENT_PREFIX_PATH} CMAKE_PREFIX_PATH=/home/huashu/co_605_arm/Hsc3DemoLinux/install/hsr_description:/home/huashu/orbbec_ros2_ws/install/orbbec_description:/home/huashu/orbbec_ros2_ws/install/orbbec_camera:/home/huashu/orbbec_ros2_ws/install/orbbec_camera_msgs:/opt/ros/humble /usr/bin/cmake --build /home/huashu/co_605_arm/Hsc3DemoLinux/build/hsr_moveit_config -- -j16 -l16
[0.927s] DEBUG:colcon.colcon_core.event_handler.log_command:Invoked command in '/home/huashu/co_605_arm/Hsc3DemoLinux/build/hsr_moveit_config' returned '0': AMENT_PREFIX_PATH=/home/huashu/co_605_arm/Hsc3DemoLinux/install/hsr_description:${AMENT_PREFIX_PATH} CMAKE_PREFIX_PATH=/home/huashu/co_605_arm/Hsc3DemoLinux/install/hsr_description:/home/huashu/orbbec_ros2_ws/install/orbbec_description:/home/huashu/orbbec_ros2_ws/install/orbbec_camera:/home/huashu/orbbec_ros2_ws/install/orbbec_camera_msgs:/opt/ros/humble /usr/bin/cmake --build /home/huashu/co_605_arm/Hsc3DemoLinux/build/hsr_moveit_config -- -j16 -l16
[0.928s] DEBUG:colcon.colcon_core.event_handler.log_command:Invoking command in '/home/huashu/co_605_arm/Hsc3DemoLinux/build/hsr_moveit_config': AMENT_PREFIX_PATH=/home/huashu/co_605_arm/Hsc3DemoLinux/install/hsr_description:${AMENT_PREFIX_PATH} CMAKE_PREFIX_PATH=/home/huashu/co_605_arm/Hsc3DemoLinux/install/hsr_description:/home/huashu/orbbec_ros2_ws/install/orbbec_description:/home/huashu/orbbec_ros2_ws/install/orbbec_camera:/home/huashu/orbbec_ros2_ws/install/orbbec_camera_msgs:/opt/ros/humble /usr/bin/cmake --install /home/huashu/co_605_arm/Hsc3DemoLinux/build/hsr_moveit_config
[0.936s] Level 1:colcon.colcon_core.environment:create_environment_scripts_only(hsr_moveit_config)
[0.936s] DEBUG:colcon.colcon_core.event_handler.log_command:Invoked command in '/home/huashu/co_605_arm/Hsc3DemoLinux/build/hsr_moveit_config' returned '0': AMENT_PREFIX_PATH=/home/huashu/co_605_arm/Hsc3DemoLinux/install/hsr_description:${AMENT_PREFIX_PATH} CMAKE_PREFIX_PATH=/home/huashu/co_605_arm/Hsc3DemoLinux/install/hsr_description:/home/huashu/orbbec_ros2_ws/install/orbbec_description:/home/huashu/orbbec_ros2_ws/install/orbbec_camera:/home/huashu/orbbec_ros2_ws/install/orbbec_camera_msgs:/opt/ros/humble /usr/bin/cmake --install /home/huashu/co_605_arm/Hsc3DemoLinux/build/hsr_moveit_config
[0.937s] Level 1:colcon.colcon_core.environment:checking '/home/huashu/co_605_arm/Hsc3DemoLinux/install/hsr_moveit_config' for CMake module files
[0.937s] Level 1:colcon.colcon_core.environment:checking '/home/huashu/co_605_arm/Hsc3DemoLinux/install/hsr_moveit_config' for CMake config files
[0.938s] Level 1:colcon.colcon_core.shell:create_environment_hook('hsr_moveit_config', 'cmake_prefix_path')
[0.938s] INFO:colcon.colcon_core.shell:Creating environment hook '/home/huashu/co_605_arm/Hsc3DemoLinux/install/hsr_moveit_config/share/hsr_moveit_config/hook/cmake_prefix_path.ps1'
[0.939s] INFO:colcon.colcon_core.shell:Creating environment descriptor '/home/huashu/co_605_arm/Hsc3DemoLinux/install/hsr_moveit_config/share/hsr_moveit_config/hook/cmake_prefix_path.dsv'
[0.939s] INFO:colcon.colcon_core.shell:Creating environment hook '/home/huashu/co_605_arm/Hsc3DemoLinux/install/hsr_moveit_config/share/hsr_moveit_config/hook/cmake_prefix_path.sh'
[0.940s] Level 1:colcon.colcon_core.environment:checking '/home/huashu/co_605_arm/Hsc3DemoLinux/install/hsr_moveit_config/bin'
[0.940s] Level 1:colcon.colcon_core.environment:checking '/home/huashu/co_605_arm/Hsc3DemoLinux/install/hsr_moveit_config/lib/pkgconfig/hsr_moveit_config.pc'
[0.940s] Level 1:colcon.colcon_core.environment:checking '/home/huashu/co_605_arm/Hsc3DemoLinux/install/hsr_moveit_config/lib/python3.10/site-packages'
[0.941s] Level 1:colcon.colcon_core.environment:checking '/home/huashu/co_605_arm/Hsc3DemoLinux/install/hsr_moveit_config/bin'
[0.941s] INFO:colcon.colcon_core.shell:Creating package script '/home/huashu/co_605_arm/Hsc3DemoLinux/install/hsr_moveit_config/share/hsr_moveit_config/package.ps1'
[0.941s] INFO:colcon.colcon_core.shell:Creating package descriptor '/home/huashu/co_605_arm/Hsc3DemoLinux/install/hsr_moveit_config/share/hsr_moveit_config/package.dsv'
[0.942s] INFO:colcon.colcon_core.shell:Creating package script '/home/huashu/co_605_arm/Hsc3DemoLinux/install/hsr_moveit_config/share/hsr_moveit_config/package.sh'
[0.942s] INFO:colcon.colcon_core.shell:Creating package script '/home/huashu/co_605_arm/Hsc3DemoLinux/install/hsr_moveit_config/share/hsr_moveit_config/package.bash'
[0.943s] INFO:colcon.colcon_core.shell:Creating package script '/home/huashu/co_605_arm/Hsc3DemoLinux/install/hsr_moveit_config/share/hsr_moveit_config/package.zsh'
[0.943s] Level 1:colcon.colcon_core.environment:create_file_with_runtime_dependencies(/home/huashu/co_605_arm/Hsc3DemoLinux/install/hsr_moveit_config/share/colcon-core/packages/hsr_moveit_config)
[0.944s] Level 1:colcon.colcon_core.environment:create_environment_scripts_only(hsr_moveit_config)
[0.944s] Level 1:colcon.colcon_core.environment:checking '/home/huashu/co_605_arm/Hsc3DemoLinux/install/hsr_moveit_config' for CMake module files
[0.945s] Level 1:colcon.colcon_core.environment:checking '/home/huashu/co_605_arm/Hsc3DemoLinux/install/hsr_moveit_config' for CMake config files
[0.945s] Level 1:colcon.colcon_core.shell:create_environment_hook('hsr_moveit_config', 'cmake_prefix_path')
[0.945s] INFO:colcon.colcon_core.shell:Creating environment hook '/home/huashu/co_605_arm/Hsc3DemoLinux/install/hsr_moveit_config/share/hsr_moveit_config/hook/cmake_prefix_path.ps1'
[0.946s] INFO:colcon.colcon_core.shell:Creating environment descriptor '/home/huashu/co_605_arm/Hsc3DemoLinux/install/hsr_moveit_config/share/hsr_moveit_config/hook/cmake_prefix_path.dsv'
[0.946s] INFO:colcon.colcon_core.shell:Creating environment hook '/home/huashu/co_605_arm/Hsc3DemoLinux/install/hsr_moveit_config/share/hsr_moveit_config/hook/cmake_prefix_path.sh'
[0.947s] Level 1:colcon.colcon_core.environment:checking '/home/huashu/co_605_arm/Hsc3DemoLinux/install/hsr_moveit_config/bin'
[0.947s] Level 1:colcon.colcon_core.environment:checking '/home/huashu/co_605_arm/Hsc3DemoLinux/install/hsr_moveit_config/lib/pkgconfig/hsr_moveit_config.pc'
[0.947s] Level 1:colcon.colcon_core.environment:checking '/home/huashu/co_605_arm/Hsc3DemoLinux/install/hsr_moveit_config/lib/python3.10/site-packages'
[0.947s] Level 1:colcon.colcon_core.environment:checking '/home/huashu/co_605_arm/Hsc3DemoLinux/install/hsr_moveit_config/bin'
[0.948s] INFO:colcon.colcon_core.shell:Creating package script '/home/huashu/co_605_arm/Hsc3DemoLinux/install/hsr_moveit_config/share/hsr_moveit_config/package.ps1'
[0.948s] INFO:colcon.colcon_core.shell:Creating package descriptor '/home/huashu/co_605_arm/Hsc3DemoLinux/install/hsr_moveit_config/share/hsr_moveit_config/package.dsv'
[0.949s] INFO:colcon.colcon_core.shell:Creating package script '/home/huashu/co_605_arm/Hsc3DemoLinux/install/hsr_moveit_config/share/hsr_moveit_config/package.sh'
[0.949s] INFO:colcon.colcon_core.shell:Creating package script '/home/huashu/co_605_arm/Hsc3DemoLinux/install/hsr_moveit_config/share/hsr_moveit_config/package.bash'
[0.950s] INFO:colcon.colcon_core.shell:Creating package script '/home/huashu/co_605_arm/Hsc3DemoLinux/install/hsr_moveit_config/share/hsr_moveit_config/package.zsh'
[0.950s] Level 1:colcon.colcon_core.environment:create_file_with_runtime_dependencies(/home/huashu/co_605_arm/Hsc3DemoLinux/install/hsr_moveit_config/share/colcon-core/packages/hsr_moveit_config)
[0.951s] DEBUG:colcon.colcon_parallel_executor.executor.parallel:closing loop
[0.951s] DEBUG:colcon.colcon_parallel_executor.executor.parallel:loop closed
[0.951s] DEBUG:colcon.colcon_parallel_executor.executor.parallel:run_until_complete finished with '0'
[0.951s] DEBUG:colcon.colcon_core.event_reactor:joining thread
[0.955s] INFO:colcon.colcon_core.plugin_system:Skipping extension 'colcon_notification.desktop_notification.terminal_notifier': Not used on non-Darwin systems
[0.955s] INFO:colcon.colcon_core.plugin_system:Skipping extension 'colcon_notification.desktop_notification.win32': Not used on non-Windows systems
[0.955s] INFO:colcon.colcon_notification.desktop_notification:Sending desktop notification using 'notify2'
[0.963s] DEBUG:colcon.colcon_core.event_reactor:joined thread
[0.964s] INFO:colcon.colcon_core.shell:Creating prefix script '/home/huashu/co_605_arm/Hsc3DemoLinux/install/local_setup.ps1'
[0.965s] INFO:colcon.colcon_core.shell:Creating prefix util module '/home/huashu/co_605_arm/Hsc3DemoLinux/install/_local_setup_util_ps1.py'
[0.966s] INFO:colcon.colcon_core.shell:Creating prefix chain script '/home/huashu/co_605_arm/Hsc3DemoLinux/install/setup.ps1'
[0.968s] INFO:colcon.colcon_core.shell:Creating prefix script '/home/huashu/co_605_arm/Hsc3DemoLinux/install/local_setup.sh'
[0.968s] INFO:colcon.colcon_core.shell:Creating prefix util module '/home/huashu/co_605_arm/Hsc3DemoLinux/install/_local_setup_util_sh.py'
[0.969s] INFO:colcon.colcon_core.shell:Creating prefix chain script '/home/huashu/co_605_arm/Hsc3DemoLinux/install/setup.sh'
[0.970s] INFO:colcon.colcon_core.shell:Creating prefix script '/home/huashu/co_605_arm/Hsc3DemoLinux/install/local_setup.bash'
[0.971s] INFO:colcon.colcon_core.shell:Creating prefix chain script '/home/huashu/co_605_arm/Hsc3DemoLinux/install/setup.bash'
[0.972s] INFO:colcon.colcon_core.shell:Creating prefix script '/home/huashu/co_605_arm/Hsc3DemoLinux/install/local_setup.zsh'
[0.972s] INFO:colcon.colcon_core.shell:Creating prefix chain script '/home/huashu/co_605_arm/Hsc3DemoLinux/install/setup.zsh'
