[0.011s] Invoking command in '/home/huashu/co_605_arm/Hsc3DemoLinux/build/hsr_moveit_config': CMAKE_PREFIX_PATH=${CMAKE_PREFIX_PATH}:/opt/ros/humble /usr/bin/cmake /home/huashu/co_605_arm/Hsc3DemoLinux/hsr_moveit_config -DCMAKE_INSTALL_PREFIX=/home/huashu/co_605_arm/Hsc3DemoLinux/install/hsr_moveit_config
[0.082s] -- The C compiler identification is GNU 11.4.0
[0.123s] -- The CXX compiler identification is GNU 11.4.0
[0.130s] -- Detecting C compiler ABI info
[0.186s] -- Detecting C compiler ABI info - done
[0.189s] -- Check for working C compiler: /usr/bin/cc - skipped
[0.190s] -- Detecting C compile features
[0.190s] -- Detecting C compile features - done
[0.193s] -- Detecting CXX compiler ABI info
[0.253s] -- Detecting CXX compiler ABI info - done
[0.258s] -- Check for working CXX compiler: /usr/bin/c++ - skipped
[0.258s] -- Detecting CXX compile features
[0.258s] -- Detecting CXX compile features - done
[0.261s] -- Found ament_cmake: 1.3.13 (/opt/ros/humble/share/ament_cmake/cmake)
[0.360s] -- Found Python3: /usr/bin/python3 (found version "3.10.12") found components: Interpreter 
[0.482s] -- Configuring done
[0.483s] -- Generating done
[0.484s] -- Build files have been written to: /home/huashu/co_605_arm/Hsc3DemoLinux/build/hsr_moveit_config
[0.488s] Invoked command in '/home/huashu/co_605_arm/Hsc3DemoLinux/build/hsr_moveit_config' returned '0': CMAKE_PREFIX_PATH=${CMAKE_PREFIX_PATH}:/opt/ros/humble /usr/bin/cmake /home/huashu/co_605_arm/Hsc3DemoLinux/hsr_moveit_config -DCMAKE_INSTALL_PREFIX=/home/huashu/co_605_arm/Hsc3DemoLinux/install/hsr_moveit_config
[0.489s] Invoking command in '/home/huashu/co_605_arm/Hsc3DemoLinux/build/hsr_moveit_config': CMAKE_PREFIX_PATH=${CMAKE_PREFIX_PATH}:/opt/ros/humble /usr/bin/cmake --build /home/huashu/co_605_arm/Hsc3DemoLinux/build/hsr_moveit_config -- -j16 -l16
[0.520s] Invoked command in '/home/huashu/co_605_arm/Hsc3DemoLinux/build/hsr_moveit_config' returned '0': CMAKE_PREFIX_PATH=${CMAKE_PREFIX_PATH}:/opt/ros/humble /usr/bin/cmake --build /home/huashu/co_605_arm/Hsc3DemoLinux/build/hsr_moveit_config -- -j16 -l16
[0.528s] Invoking command in '/home/huashu/co_605_arm/Hsc3DemoLinux/build/hsr_moveit_config': CMAKE_PREFIX_PATH=${CMAKE_PREFIX_PATH}:/opt/ros/humble /usr/bin/cmake --install /home/huashu/co_605_arm/Hsc3DemoLinux/build/hsr_moveit_config
[0.532s] -- Install configuration: ""
[0.533s] -- Installing: /home/huashu/co_605_arm/Hsc3DemoLinux/install/hsr_moveit_config/share/hsr_moveit_config/config
[0.533s] -- Installing: /home/huashu/co_605_arm/Hsc3DemoLinux/install/hsr_moveit_config/share/hsr_moveit_config/config/hsr_arm.srdf
[0.533s] -- Installing: /home/huashu/co_605_arm/Hsc3DemoLinux/install/hsr_moveit_config/share/hsr_moveit_config/config/moveit_controllers.yaml
[0.533s] -- Installing: /home/huashu/co_605_arm/Hsc3DemoLinux/install/hsr_moveit_config/share/hsr_moveit_config/config/ompl_planning.yaml
[0.533s] -- Installing: /home/huashu/co_605_arm/Hsc3DemoLinux/install/hsr_moveit_config/share/hsr_moveit_config/config/kinematics.yaml
[0.533s] -- Installing: /home/huashu/co_605_arm/Hsc3DemoLinux/install/hsr_moveit_config/share/hsr_moveit_config/config/joint_limits.yaml
[0.533s] -- Installing: /home/huashu/co_605_arm/Hsc3DemoLinux/install/hsr_moveit_config/share/hsr_moveit_config/launch
[0.533s] -- Installing: /home/huashu/co_605_arm/Hsc3DemoLinux/install/hsr_moveit_config/share/hsr_moveit_config/launch/rviz_control_real.launch.py
[0.533s] -- Installing: /home/huashu/co_605_arm/Hsc3DemoLinux/install/hsr_moveit_config/share/hsr_moveit_config/rviz
[0.534s] -- Installing: /home/huashu/co_605_arm/Hsc3DemoLinux/install/hsr_moveit_config/share/hsr_moveit_config/rviz/moveit.rviz
[0.534s] -- Installing: /home/huashu/co_605_arm/Hsc3DemoLinux/install/hsr_moveit_config/share/ament_index/resource_index/package_run_dependencies/hsr_moveit_config
[0.534s] -- Installing: /home/huashu/co_605_arm/Hsc3DemoLinux/install/hsr_moveit_config/share/ament_index/resource_index/parent_prefix_path/hsr_moveit_config
[0.534s] -- Installing: /home/huashu/co_605_arm/Hsc3DemoLinux/install/hsr_moveit_config/share/hsr_moveit_config/environment/ament_prefix_path.sh
[0.534s] -- Installing: /home/huashu/co_605_arm/Hsc3DemoLinux/install/hsr_moveit_config/share/hsr_moveit_config/environment/ament_prefix_path.dsv
[0.534s] -- Installing: /home/huashu/co_605_arm/Hsc3DemoLinux/install/hsr_moveit_config/share/hsr_moveit_config/environment/path.sh
[0.534s] -- Installing: /home/huashu/co_605_arm/Hsc3DemoLinux/install/hsr_moveit_config/share/hsr_moveit_config/environment/path.dsv
[0.534s] -- Installing: /home/huashu/co_605_arm/Hsc3DemoLinux/install/hsr_moveit_config/share/hsr_moveit_config/local_setup.bash
[0.534s] -- Installing: /home/huashu/co_605_arm/Hsc3DemoLinux/install/hsr_moveit_config/share/hsr_moveit_config/local_setup.sh
[0.534s] -- Installing: /home/huashu/co_605_arm/Hsc3DemoLinux/install/hsr_moveit_config/share/hsr_moveit_config/local_setup.zsh
[0.534s] -- Installing: /home/huashu/co_605_arm/Hsc3DemoLinux/install/hsr_moveit_config/share/hsr_moveit_config/local_setup.dsv
[0.534s] -- Installing: /home/huashu/co_605_arm/Hsc3DemoLinux/install/hsr_moveit_config/share/hsr_moveit_config/package.dsv
[0.534s] -- Installing: /home/huashu/co_605_arm/Hsc3DemoLinux/install/hsr_moveit_config/share/ament_index/resource_index/packages/hsr_moveit_config
[0.534s] -- Installing: /home/huashu/co_605_arm/Hsc3DemoLinux/install/hsr_moveit_config/share/hsr_moveit_config/cmake/hsr_moveit_configConfig.cmake
[0.534s] -- Installing: /home/huashu/co_605_arm/Hsc3DemoLinux/install/hsr_moveit_config/share/hsr_moveit_config/cmake/hsr_moveit_configConfig-version.cmake
[0.534s] -- Installing: /home/huashu/co_605_arm/Hsc3DemoLinux/install/hsr_moveit_config/share/hsr_moveit_config/package.xml
[0.536s] Invoked command in '/home/huashu/co_605_arm/Hsc3DemoLinux/build/hsr_moveit_config' returned '0': CMAKE_PREFIX_PATH=${CMAKE_PREFIX_PATH}:/opt/ros/humble /usr/bin/cmake --install /home/huashu/co_605_arm/Hsc3DemoLinux/build/hsr_moveit_config
