[0.011s] Invoking command in '/home/huashu/co_605_arm/Hsc3DemoLinux/build/hsr_description': CMAKE_PREFIX_PATH=${CMAKE_PREFIX_PATH}:/opt/ros/humble /usr/bin/cmake /home/huashu/co_605_arm/Hsc3DemoLinux/hsr_description -DCMAKE_INSTALL_PREFIX=/home/huashu/co_605_arm/Hsc3DemoLinux/install/hsr_description
[0.062s] -- The C compiler identification is GNU 11.4.0
[0.108s] -- The CXX compiler identification is GNU 11.4.0
[0.116s] -- Detecting C compiler ABI info
[0.191s] -- Detecting C compiler ABI info - done
[0.198s] -- Check for working C compiler: /usr/bin/cc - skipped
[0.198s] -- Detecting C compile features
[0.198s] -- Detecting C compile features - done
[0.200s] -- Detecting CXX compiler ABI info
[0.269s] -- Detecting CXX compiler ABI info - done
[0.275s] -- Check for working CXX compiler: /usr/bin/c++ - skipped
[0.276s] -- Detecting CXX compile features
[0.276s] -- Detecting CXX compile features - done
[0.277s] -- Found ament_cmake: 1.3.13 (/opt/ros/humble/share/ament_cmake/cmake)
[0.412s] -- Found Python3: /usr/bin/python3 (found version "3.10.12") found components: Interpreter 
[0.540s] -- Configuring done
[0.541s] -- Generating done
[0.542s] -- Build files have been written to: /home/huashu/co_605_arm/Hsc3DemoLinux/build/hsr_description
[0.546s] Invoked command in '/home/huashu/co_605_arm/Hsc3DemoLinux/build/hsr_description' returned '0': CMAKE_PREFIX_PATH=${CMAKE_PREFIX_PATH}:/opt/ros/humble /usr/bin/cmake /home/huashu/co_605_arm/Hsc3DemoLinux/hsr_description -DCMAKE_INSTALL_PREFIX=/home/huashu/co_605_arm/Hsc3DemoLinux/install/hsr_description
[0.547s] Invoking command in '/home/huashu/co_605_arm/Hsc3DemoLinux/build/hsr_description': CMAKE_PREFIX_PATH=${CMAKE_PREFIX_PATH}:/opt/ros/humble /usr/bin/cmake --build /home/huashu/co_605_arm/Hsc3DemoLinux/build/hsr_description -- -j16 -l16
[0.588s] Invoked command in '/home/huashu/co_605_arm/Hsc3DemoLinux/build/hsr_description' returned '0': CMAKE_PREFIX_PATH=${CMAKE_PREFIX_PATH}:/opt/ros/humble /usr/bin/cmake --build /home/huashu/co_605_arm/Hsc3DemoLinux/build/hsr_description -- -j16 -l16
[0.597s] Invoking command in '/home/huashu/co_605_arm/Hsc3DemoLinux/build/hsr_description': CMAKE_PREFIX_PATH=${CMAKE_PREFIX_PATH}:/opt/ros/humble /usr/bin/cmake --install /home/huashu/co_605_arm/Hsc3DemoLinux/build/hsr_description
[0.603s] -- Install configuration: ""
[0.603s] -- Installing: /home/huashu/co_605_arm/Hsc3DemoLinux/install/hsr_description/share/hsr_description/urdf
[0.603s] -- Installing: /home/huashu/co_605_arm/Hsc3DemoLinux/install/hsr_description/share/hsr_description/urdf/co602.urdf
[0.603s] -- Installing: /home/huashu/co_605_arm/Hsc3DemoLinux/install/hsr_description/share/hsr_description/meshes
[0.603s] -- Installing: /home/huashu/co_605_arm/Hsc3DemoLinux/install/hsr_description/share/hsr_description/meshes/co602_490
[0.603s] -- Installing: /home/huashu/co_605_arm/Hsc3DemoLinux/install/hsr_description/share/hsr_description/meshes/co602_490/link6.STL
[0.604s] -- Installing: /home/huashu/co_605_arm/Hsc3DemoLinux/install/hsr_description/share/hsr_description/meshes/co602_490/link4.STL
[0.604s] -- Installing: /home/huashu/co_605_arm/Hsc3DemoLinux/install/hsr_description/share/hsr_description/meshes/co602_490/link1.STL
[0.604s] -- Installing: /home/huashu/co_605_arm/Hsc3DemoLinux/install/hsr_description/share/hsr_description/meshes/co602_490/link2.STL
[0.605s] -- Installing: /home/huashu/co_605_arm/Hsc3DemoLinux/install/hsr_description/share/hsr_description/meshes/co602_490/base_link.STL
[0.605s] -- Installing: /home/huashu/co_605_arm/Hsc3DemoLinux/install/hsr_description/share/hsr_description/meshes/co602_490/link3.STL
[0.606s] -- Installing: /home/huashu/co_605_arm/Hsc3DemoLinux/install/hsr_description/share/hsr_description/meshes/co602_490/link5.STL
[0.606s] -- Installing: /home/huashu/co_605_arm/Hsc3DemoLinux/install/hsr_description/share/ament_index/resource_index/package_run_dependencies/hsr_description
[0.606s] -- Installing: /home/huashu/co_605_arm/Hsc3DemoLinux/install/hsr_description/share/ament_index/resource_index/parent_prefix_path/hsr_description
[0.607s] -- Installing: /home/huashu/co_605_arm/Hsc3DemoLinux/install/hsr_description/share/hsr_description/environment/ament_prefix_path.sh
[0.607s] -- Installing: /home/huashu/co_605_arm/Hsc3DemoLinux/install/hsr_description/share/hsr_description/environment/ament_prefix_path.dsv
[0.607s] -- Installing: /home/huashu/co_605_arm/Hsc3DemoLinux/install/hsr_description/share/hsr_description/environment/path.sh
[0.607s] -- Installing: /home/huashu/co_605_arm/Hsc3DemoLinux/install/hsr_description/share/hsr_description/environment/path.dsv
[0.607s] -- Installing: /home/huashu/co_605_arm/Hsc3DemoLinux/install/hsr_description/share/hsr_description/local_setup.bash
[0.607s] -- Installing: /home/huashu/co_605_arm/Hsc3DemoLinux/install/hsr_description/share/hsr_description/local_setup.sh
[0.607s] -- Installing: /home/huashu/co_605_arm/Hsc3DemoLinux/install/hsr_description/share/hsr_description/local_setup.zsh
[0.607s] -- Installing: /home/huashu/co_605_arm/Hsc3DemoLinux/install/hsr_description/share/hsr_description/local_setup.dsv
[0.607s] -- Installing: /home/huashu/co_605_arm/Hsc3DemoLinux/install/hsr_description/share/hsr_description/package.dsv
[0.607s] -- Installing: /home/huashu/co_605_arm/Hsc3DemoLinux/install/hsr_description/share/ament_index/resource_index/packages/hsr_description
[0.608s] -- Installing: /home/huashu/co_605_arm/Hsc3DemoLinux/install/hsr_description/share/hsr_description/cmake/hsr_descriptionConfig.cmake
[0.608s] -- Installing: /home/huashu/co_605_arm/Hsc3DemoLinux/install/hsr_description/share/hsr_description/cmake/hsr_descriptionConfig-version.cmake
[0.608s] -- Installing: /home/huashu/co_605_arm/Hsc3DemoLinux/install/hsr_description/share/hsr_description/package.xml
[0.609s] Invoked command in '/home/huashu/co_605_arm/Hsc3DemoLinux/build/hsr_description' returned '0': CMAKE_PREFIX_PATH=${CMAKE_PREFIX_PATH}:/opt/ros/humble /usr/bin/cmake --install /home/huashu/co_605_arm/Hsc3DemoLinux/build/hsr_description
