-- Install configuration: ""
-- Up-to-date: /home/huashu/co_605_arm/Hsc3DemoLinux/install/hsr_moveit_config/share/hsr_moveit_config/config
-- Up-to-date: /home/huashu/co_605_arm/Hsc3DemoLinux/install/hsr_moveit_config/share/hsr_moveit_config/config/hsr_arm.srdf
-- Up-to-date: /home/huashu/co_605_arm/Hsc3DemoLinux/install/hsr_moveit_config/share/hsr_moveit_config/config/moveit_controllers.yaml
-- Up-to-date: /home/huashu/co_605_arm/Hsc3DemoLinux/install/hsr_moveit_config/share/hsr_moveit_config/config/ompl_planning.yaml
-- Installing: /home/huashu/co_605_arm/Hsc3DemoLinux/install/hsr_moveit_config/share/hsr_moveit_config/config/co602.srdf
-- Up-to-date: /home/huashu/co_605_arm/Hsc3DemoLinux/install/hsr_moveit_config/share/hsr_moveit_config/config/kinematics.yaml
-- Up-to-date: /home/huashu/co_605_arm/Hsc3DemoLinux/install/hsr_moveit_config/share/hsr_moveit_config/config/joint_limits.yaml
-- Up-to-date: /home/huashu/co_605_arm/Hsc3DemoLinux/install/hsr_moveit_config/share/hsr_moveit_config/launch
-- Up-to-date: /home/huashu/co_605_arm/Hsc3DemoLinux/install/hsr_moveit_config/share/hsr_moveit_config/launch/rviz_control_real.launch.py
-- Installing: /home/huashu/co_605_arm/Hsc3DemoLinux/install/hsr_moveit_config/share/hsr_moveit_config/launch/demo.launch.py
-- Up-to-date: /home/huashu/co_605_arm/Hsc3DemoLinux/install/hsr_moveit_config/share/hsr_moveit_config/rviz
-- Up-to-date: /home/huashu/co_605_arm/Hsc3DemoLinux/install/hsr_moveit_config/share/hsr_moveit_config/rviz/moveit.rviz
-- Up-to-date: /home/huashu/co_605_arm/Hsc3DemoLinux/install/hsr_moveit_config/share/ament_index/resource_index/package_run_dependencies/hsr_moveit_config
-- Up-to-date: /home/huashu/co_605_arm/Hsc3DemoLinux/install/hsr_moveit_config/share/ament_index/resource_index/parent_prefix_path/hsr_moveit_config
-- Up-to-date: /home/huashu/co_605_arm/Hsc3DemoLinux/install/hsr_moveit_config/share/hsr_moveit_config/environment/ament_prefix_path.sh
-- Up-to-date: /home/huashu/co_605_arm/Hsc3DemoLinux/install/hsr_moveit_config/share/hsr_moveit_config/environment/ament_prefix_path.dsv
-- Up-to-date: /home/huashu/co_605_arm/Hsc3DemoLinux/install/hsr_moveit_config/share/hsr_moveit_config/environment/path.sh
-- Up-to-date: /home/huashu/co_605_arm/Hsc3DemoLinux/install/hsr_moveit_config/share/hsr_moveit_config/environment/path.dsv
-- Up-to-date: /home/huashu/co_605_arm/Hsc3DemoLinux/install/hsr_moveit_config/share/hsr_moveit_config/local_setup.bash
-- Up-to-date: /home/huashu/co_605_arm/Hsc3DemoLinux/install/hsr_moveit_config/share/hsr_moveit_config/local_setup.sh
-- Up-to-date: /home/huashu/co_605_arm/Hsc3DemoLinux/install/hsr_moveit_config/share/hsr_moveit_config/local_setup.zsh
-- Up-to-date: /home/huashu/co_605_arm/Hsc3DemoLinux/install/hsr_moveit_config/share/hsr_moveit_config/local_setup.dsv
-- Installing: /home/huashu/co_605_arm/Hsc3DemoLinux/install/hsr_moveit_config/share/hsr_moveit_config/package.dsv
-- Up-to-date: /home/huashu/co_605_arm/Hsc3DemoLinux/install/hsr_moveit_config/share/ament_index/resource_index/packages/hsr_moveit_config
-- Up-to-date: /home/huashu/co_605_arm/Hsc3DemoLinux/install/hsr_moveit_config/share/hsr_moveit_config/cmake/hsr_moveit_configConfig.cmake
-- Up-to-date: /home/huashu/co_605_arm/Hsc3DemoLinux/install/hsr_moveit_config/share/hsr_moveit_config/cmake/hsr_moveit_configConfig-version.cmake
-- Up-to-date: /home/huashu/co_605_arm/Hsc3DemoLinux/install/hsr_moveit_config/share/hsr_moveit_config/package.xml
